GROUP,PACKAGE,CLASS,INSTRUCTION_MISSED,INSTRUCTION_COVERED,BRANCH_MISSED,BRANCH_COVERED,LINE_MISSED,LINE_COVERED,COMPLEXITY_MISSED,COMPLEXITY_COVERED,METHOD_MISSED,METHOD_COVERED
swift-idl-parser,com.facebook.swift.parser.model,ThriftType,0,3,0,0,0,1,0,1,0,1
swift-idl-parser,com.facebook.swift.parser.model,ThriftField.Required,9,39,0,0,0,2,2,2,2,2
swift-idl-parser,com.facebook.swift.parser.model,ThriftMethod,22,67,0,0,8,9,7,2,7,2
swift-idl-parser,com.facebook.swift.parser.model,MapType,6,37,0,0,2,5,2,2,2,2
swift-idl-parser,com.facebook.swift.parser.model,ConstValue,0,3,0,0,0,1,0,1,0,1
swift-idl-parser,com.facebook.swift.parser.model,IntegerEnum,6,28,0,0,2,5,2,2,2,2
swift-idl-parser,com.facebook.swift.parser.model,BaseType,6,28,0,0,2,5,2,2,2,2
swift-idl-parser,com.facebook.swift.parser.model,ConstList,11,10,0,0,2,3,2,1,2,1
swift-idl-parser,com.facebook.swift.parser.model,AbstractStruct,21,39,0,0,7,6,4,2,4,2
swift-idl-parser,com.facebook.swift.parser.model,TypeAnnotation,22,15,0,0,5,4,4,1,4,1
swift-idl-parser,com.facebook.swift.parser.model,Union,0,6,0,0,0,2,0,1,0,1
swift-idl-parser,com.facebook.swift.parser.model,ConstIdentifier,11,9,0,0,2,3,2,1,2,1
swift-idl-parser,com.facebook.swift.parser.model,Header,15,40,0,0,4,6,4,2,4,2
swift-idl-parser,com.facebook.swift.parser.model,SetType,19,11,0,0,2,3,2,1,2,1
swift-idl-parser,com.facebook.swift.parser.model,ConstString,3,17,0,0,1,4,1,2,1,2
swift-idl-parser,com.facebook.swift.parser.model,Const,25,21,0,0,4,5,4,1,4,1
swift-idl-parser,com.facebook.swift.parser.model,ListType,3,27,0,0,1,4,1,2,1,2
swift-idl-parser,com.facebook.swift.parser.model,StringEnum,18,16,0,0,3,4,3,1,3,1
swift-idl-parser,com.facebook.swift.parser.model,Service,17,36,0,0,6,6,4,2,4,2
swift-idl-parser,com.facebook.swift.parser.model,Document,30,49,4,0,8,11,5,3,3,3
swift-idl-parser,com.facebook.swift.parser.model,IdentifierType,3,17,0,0,1,4,1,2,1,2
swift-idl-parser,com.facebook.swift.parser.model,ThriftField,22,63,0,0,8,9,7,2,7,2
swift-idl-parser,com.facebook.swift.parser.model,ConstMap,11,10,0,0,2,3,2,1,2,1
swift-idl-parser,com.facebook.swift.parser.model,Definition,4,3,0,0,2,1,1,1,1,1
swift-idl-parser,com.facebook.swift.parser.model,ContainerType,6,14,0,0,2,4,2,1,2,1
swift-idl-parser,com.facebook.swift.parser.model,Struct,0,6,0,0,0,2,0,1,0,1
swift-idl-parser,com.facebook.swift.parser.model,IntegerEnumField,6,25,0,0,2,5,2,2,2,2
swift-idl-parser,com.facebook.swift.parser.model,BaseType.Type,9,89,0,0,0,2,2,2,2,2
swift-idl-parser,com.facebook.swift.parser.model,VoidType,0,7,0,0,0,2,0,2,0,2
swift-idl-parser,com.facebook.swift.parser.model,ConstDouble,12,6,0,0,2,3,2,1,2,1
swift-idl-parser,com.facebook.swift.parser.model,ConstInteger,4,14,0,0,1,4,1,2,1,2
swift-idl-parser,com.facebook.swift.parser.model,ThriftException,0,6,0,0,0,2,0,1,0,1
swift-idl-parser,com.facebook.swift.parser.model,Typedef,6,27,0,0,2,5,2,2,2,2
swift-idl-parser,com.facebook.swift.parser.antlr,ThriftLexer,657,2562,98,193,184,597,95,143,11,50
swift-idl-parser,com.facebook.swift.parser.antlr,DocumentGenerator.document_return,3,3,0,0,1,1,1,1,1,1
swift-idl-parser,com.facebook.swift.parser.antlr,DocumentGenerator.union_return,0,6,0,0,0,2,0,2,0,2
swift-idl-parser,com.facebook.swift.parser.antlr,ThriftParser,1867,9198,95,287,366,1860,98,164,7,39
swift-idl-parser,com.facebook.swift.parser.antlr,ThriftParser.senum_return,0,6,0,0,0,2,0,2,0,2
swift-idl-parser,com.facebook.swift.parser.antlr,ThriftParser.type_annotation_return,0,6,0,0,0,2,0,2,0,2
swift-idl-parser,com.facebook.swift.parser.antlr,DocumentGenerator.definitions_return,0,11,0,0,0,3,0,2,0,2
swift-idl-parser,com.facebook.swift.parser.antlr,ThriftParser.function_type_return,0,6,0,0,0,2,0,2,0,2
swift-idl-parser,com.facebook.swift.parser.antlr,ThriftParser.header_return,0,6,0,0,0,2,0,2,0,2
swift-idl-parser,com.facebook.swift.parser.antlr,DocumentGenerator.annotation_value_return,0,6,0,0,0,2,0,2,0,2
swift-idl-parser,com.facebook.swift.parser.antlr,ThriftParser.list_separator_return,0,6,0,0,0,2,0,2,0,2
swift-idl-parser,com.facebook.swift.parser.antlr,DocumentGenerator.integer_return,0,6,0,0,0,2,0,2,0,2
swift-idl-parser,com.facebook.swift.parser.antlr,ThriftParser.cpp_type_return,6,0,0,0,2,0,2,0,2,0
swift-idl-parser,com.facebook.swift.parser.antlr,ThriftParser.function_return,0,6,0,0,0,2,0,2,0,2
swift-idl-parser,com.facebook.swift.parser.antlr,ThriftParser.field_type_return,0,6,0,0,0,2,0,2,0,2
swift-idl-parser,com.facebook.swift.parser.antlr,ThriftParser.set_type_return,0,6,0,0,0,2,0,2,0,2
swift-idl-parser,com.facebook.swift.parser.antlr,ThriftParser.base_type_return,0,6,0,0,0,2,0,2,0,2
swift-idl-parser,com.facebook.swift.parser.antlr,DocumentGenerator.const_rule_return,0,6,0,0,0,2,0,2,0,2
swift-idl-parser,com.facebook.swift.parser.antlr,ThriftParser.container_type_return,0,6,0,0,0,2,0,2,0,2
swift-idl-parser,com.facebook.swift.parser.antlr,ThriftParser.field_return,0,6,0,0,0,2,0,2,0,2
swift-idl-parser,com.facebook.swift.parser.antlr,DocumentGenerator.function_return,0,6,0,0,0,2,0,2,0,2
swift-idl-parser,com.facebook.swift.parser.antlr,ThriftParser.typedef_return,0,6,0,0,0,2,0,2,0,2
swift-idl-parser,com.facebook.swift.parser.antlr,DocumentGenerator.struct_return,0,6,0,0,0,2,0,2,0,2
swift-idl-parser,com.facebook.swift.parser.antlr,ThriftParser.const_rule_return,0,6,0,0,0,2,0,2,0,2
swift-idl-parser,com.facebook.swift.parser.antlr,DocumentGenerator.exception_return,0,6,0,0,0,2,0,2,0,2
swift-idl-parser,com.facebook.swift.parser.antlr,ThriftParser.const_value_return,0,6,0,0,0,2,0,2,0,2
swift-idl-parser,com.facebook.swift.parser.antlr,DocumentGenerator.include_return,0,6,0,0,0,2,0,2,0,2
swift-idl-parser,com.facebook.swift.parser.antlr,DocumentGenerator.oneway_return,0,6,0,0,0,2,0,2,0,2
swift-idl-parser,com.facebook.swift.parser.antlr,DocumentGenerator.field_type_return,0,6,0,0,0,2,0,2,0,2
swift-idl-parser,com.facebook.swift.parser.antlr,ThriftParser.enum_field_return,0,6,0,0,0,2,0,2,0,2
swift-idl-parser,com.facebook.swift.parser.antlr,ThriftParser.document_return,0,6,0,0,0,2,0,2,0,2
swift-idl-parser,com.facebook.swift.parser.antlr,ThriftParser.namespace_return,0,6,0,0,0,2,0,2,0,2
swift-idl-parser,com.facebook.swift.parser.antlr,ThriftParser.oneway_return,0,6,0,0,0,2,0,2,0,2
swift-idl-parser,com.facebook.swift.parser.antlr,DocumentGenerator,1245,8789,147,253,294,1801,150,130,7,39
swift-idl-parser,com.facebook.swift.parser.antlr,DocumentGenerator.header_return,0,6,0,0,0,2,0,2,0,2
swift-idl-parser,com.facebook.swift.parser.antlr,ThriftParser.annotation_value_return,0,6,0,0,0,2,0,2,0,2
swift-idl-parser,com.facebook.swift.parser.antlr,ThriftParser.throws_list_return,0,6,0,0,0,2,0,2,0,2
swift-idl-parser,com.facebook.swift.parser.antlr,ThriftParser.union_return,0,6,0,0,0,2,0,2,0,2
swift-idl-parser,com.facebook.swift.parser.antlr,DocumentGenerator.functions_return,0,11,0,0,0,3,0,2,0,2
swift-idl-parser,com.facebook.swift.parser.antlr,DocumentGenerator.definition_return,0,6,0,0,0,2,0,2,0,2
swift-idl-parser,com.facebook.swift.parser.antlr,DocumentGenerator.base_type_return,0,6,0,0,0,2,0,2,0,2
swift-idl-parser,com.facebook.swift.parser.antlr,DocumentGenerator.senum_values_return,0,11,0,0,0,3,0,2,0,2
swift-idl-parser,com.facebook.swift.parser.antlr,ThriftParser.cpp_include_return,6,0,0,0,2,0,2,0,2,0
swift-idl-parser,com.facebook.swift.parser.antlr,ThriftParser.exception_return,0,6,0,0,0,2,0,2,0,2
swift-idl-parser,com.facebook.swift.parser.antlr,ThriftLexer.DFA18,2,33,0,0,1,11,1,1,1,1
swift-idl-parser,com.facebook.swift.parser.antlr,ThriftParser.enum_rule_return,0,6,0,0,0,2,0,2,0,2
swift-idl-parser,com.facebook.swift.parser.antlr,DocumentGenerator.real_base_type_return,0,6,0,0,0,2,0,2,0,2
swift-idl-parser,com.facebook.swift.parser.antlr,ThriftParser.integer_return,0,6,0,0,0,2,0,2,0,2
swift-idl-parser,com.facebook.swift.parser.antlr,DocumentGenerator.const_map_return,0,11,0,0,0,3,0,2,0,2
swift-idl-parser,com.facebook.swift.parser.antlr,DocumentGenerator.field_req_return,0,6,0,0,0,2,0,2,0,2
swift-idl-parser,com.facebook.swift.parser.antlr,ThriftParser.const_list_return,0,6,0,0,0,2,0,2,0,2
swift-idl-parser,com.facebook.swift.parser.antlr,ThriftParser.field_id_return,0,6,0,0,0,2,0,2,0,2
swift-idl-parser,com.facebook.swift.parser.antlr,DocumentGenerator.args_return,0,11,0,0,0,3,0,2,0,2
swift-idl-parser,com.facebook.swift.parser.antlr,DocumentGenerator.enum_rule_return,0,6,0,0,0,2,0,2,0,2
swift-idl-parser,com.facebook.swift.parser.antlr,DocumentGenerator.namespace_return,0,6,0,0,0,2,0,2,0,2
swift-idl-parser,com.facebook.swift.parser.antlr,DocumentGenerator.cpp_include_return,6,0,0,0,2,0,2,0,2,0
swift-idl-parser,com.facebook.swift.parser.antlr,DocumentGenerator.service_return,0,6,0,0,0,2,0,2,0,2
swift-idl-parser,com.facebook.swift.parser.antlr,DocumentGenerator.function_type_return,0,6,0,0,0,2,0,2,0,2
swift-idl-parser,com.facebook.swift.parser.antlr,ThriftParser.field_req_return,0,6,0,0,0,2,0,2,0,2
swift-idl-parser,com.facebook.swift.parser.antlr,ThriftParser.real_base_type_return,0,6,0,0,0,2,0,2,0,2
swift-idl-parser,com.facebook.swift.parser.antlr,DocumentGenerator.throws_list_return,0,11,0,0,0,3,0,2,0,2
swift-idl-parser,com.facebook.swift.parser.antlr,DocumentGenerator.type_annotations_return,0,11,0,0,0,3,0,2,0,2
swift-idl-parser,com.facebook.swift.parser.antlr,ThriftParser.const_map_return,0,6,0,0,0,2,0,2,0,2
swift-idl-parser,com.facebook.swift.parser.antlr,ThriftParser.type_annotations_return,0,6,0,0,0,2,0,2,0,2
swift-idl-parser,com.facebook.swift.parser.antlr,DocumentGenerator.senum_return,0,6,0,0,0,2,0,2,0,2
swift-idl-parser,com.facebook.swift.parser.antlr,DocumentGenerator.cpp_type_return,6,0,0,0,2,0,2,0,2,0
swift-idl-parser,com.facebook.swift.parser.antlr,ThriftParser.include_return,0,6,0,0,0,2,0,2,0,2
swift-idl-parser,com.facebook.swift.parser.antlr,ThriftParser.map_type_return,0,6,0,0,0,2,0,2,0,2
swift-idl-parser,com.facebook.swift.parser.antlr,DocumentGenerator.container_type_return,0,6,0,0,0,2,0,2,0,2
swift-idl-parser,com.facebook.swift.parser.antlr,DocumentGenerator.typedef_return,0,6,0,0,0,2,0,2,0,2
swift-idl-parser,com.facebook.swift.parser.antlr,DocumentGenerator.const_value_return,0,6,0,0,0,2,0,2,0,2
swift-idl-parser,com.facebook.swift.parser.antlr,DocumentGenerator.const_list_return,0,11,0,0,0,3,0,2,0,2
swift-idl-parser,com.facebook.swift.parser.antlr,DocumentGenerator.fields_return,0,11,0,0,0,3,0,2,0,2
swift-idl-parser,com.facebook.swift.parser.antlr,DocumentGenerator.enum_fields_return,0,11,0,0,0,3,0,2,0,2
swift-idl-parser,com.facebook.swift.parser.antlr,ThriftParser.struct_return,0,6,0,0,0,2,0,2,0,2
swift-idl-parser,com.facebook.swift.parser.antlr,ThriftParser.list_type_return,0,6,0,0,0,2,0,2,0,2
swift-idl-parser,com.facebook.swift.parser.antlr,ThriftParser.service_return,0,6,0,0,0,2,0,2,0,2
swift-idl-parser,com.facebook.swift.parser.antlr,DocumentGenerator.field_return,0,6,0,0,0,2,0,2,0,2
swift-idl-parser,com.facebook.swift.parser.antlr,DocumentGenerator.type_annotation_return,0,6,0,0,0,2,0,2,0,2
swift-idl-parser,com.facebook.swift.parser.antlr,ThriftParser.definition_return,0,6,0,0,0,2,0,2,0,2
swift-idl-parser,com.facebook.swift.parser,ThriftIdlParser,50,57,7,3,6,11,6,2,1,2
swift-idl-parser,com.facebook.swift.parser.visitor,Visitable.Utils,31,0,8,0,10,0,7,0,3,0
