<?xml version="1.0" encoding="UTF-8" standalone="yes"?><!DOCTYPE report PUBLIC "-//JACOCO//DTD Report 1.0//EN" "report.dtd"><report name="swift-idl-parser"><sessioninfo id="hgschmie-mbp.thefacebook.com-66f0eb3b" start="1357870316177" dump="1357870317796"/><sessioninfo id="hgschmie-mbp.thefacebook.com-2b27670b" start="1357870318068" dump="1357870318735"/><sessioninfo id="hgschmie-mbp.thefacebook.com-55876347" start="1357870318991" dump="1357870320842"/><sessioninfo id="hgschmie-mbp.thefacebook.com-da4cdfb9" start="1357870354000" dump="1357870356723"/><sessioninfo id="hgschmie-mbp.thefacebook.com-e31ba1f" start="1357870354018" dump="1357870356723"/><sessioninfo id="hgschmie-mbp.thefacebook.com-a80cf414" start="1357870357014" dump="1357870359903"/><sessioninfo id="hgschmie-mbp.thefacebook.com-93dbc345" start="1357870357032" dump="1357870359903"/><sessioninfo id="hgschmie-mbp.thefacebook.com-8cb32920" start="1357870360209" dump="1357870361636"/><sessioninfo id="hgschmie-mbp.thefacebook.com-890a3b1f" start="1357870360229" dump="1357870361636"/><package name="com/facebook/swift/parser/model"><class name="com/facebook/swift/parser/model/ThriftType"><method name="&lt;init&gt;" desc="()V" line="18"><counter type="INSTRUCTION" missed="0" covered="3"/><counter type="LINE" missed="0" covered="1"/><counter type="COMPLEXITY" missed="0" covered="1"/><counter type="METHOD" missed="0" covered="1"/></method><counter type="INSTRUCTION" missed="0" covered="3"/><counter type="LINE" missed="0" covered="1"/><counter type="COMPLEXITY" missed="0" covered="1"/><counter type="METHOD" missed="0" covered="1"/><counter type="CLASS" missed="0" covered="1"/></class><class name="com/facebook/swift/parser/model/ThriftField$Required"><method name="values" desc="()[Lcom/facebook/swift/parser/model/ThriftField$Required;" line="30"><counter type="INSTRUCTION" missed="4" covered="0"/><counter type="LINE" missed="1" covered="0"/><counter type="COMPLEXITY" missed="1" covered="0"/><counter type="METHOD" missed="1" covered="0"/></method><method name="valueOf" desc="(Ljava/lang/String;)Lcom/facebook/swift/parser/model/ThriftField$Required;" line="30"><counter type="INSTRUCTION" missed="5" covered="0"/><counter type="LINE" missed="1" covered="0"/><counter type="COMPLEXITY" missed="1" covered="0"/><counter type="METHOD" missed="1" covered="0"/></method><method name="&lt;init&gt;" desc="(Ljava/lang/String;I)V" line="30"><counter type="INSTRUCTION" missed="0" covered="5"/><counter type="LINE" missed="0" covered="1"/><counter type="COMPLEXITY" missed="0" covered="1"/><counter type="METHOD" missed="0" covered="1"/></method><method name="&lt;clinit&gt;" desc="()V" line="30"><counter type="INSTRUCTION" missed="0" covered="34"/><counter type="LINE" missed="0" covered="2"/><counter type="COMPLEXITY" missed="0" covered="1"/><counter type="METHOD" missed="0" covered="1"/></method><counter type="INSTRUCTION" missed="9" covered="39"/><counter type="LINE" missed="0" covered="2"/><counter type="COMPLEXITY" missed="2" covered="2"/><counter type="METHOD" missed="2" covered="2"/><counter type="CLASS" missed="0" covered="1"/></class><class name="com/facebook/swift/parser/model/ThriftMethod"><method name="&lt;init&gt;" desc="(Ljava/lang/String;Lcom/facebook/swift/parser/model/ThriftType;Ljava/util/List;ZLjava/util/List;Ljava/util/List;)V" line="44"><counter type="INSTRUCTION" missed="0" covered="39"/><counter type="LINE" missed="0" covered="8"/><counter type="COMPLEXITY" missed="0" covered="1"/><counter type="METHOD" missed="0" covered="1"/></method><method name="getName" desc="()Ljava/lang/String;" line="55"><counter type="INSTRUCTION" missed="3" covered="0"/><counter type="LINE" missed="1" covered="0"/><counter type="COMPLEXITY" missed="1" covered="0"/><counter type="METHOD" missed="1" covered="0"/></method><method name="getReturnType" desc="()Lcom/facebook/swift/parser/model/ThriftType;" line="60"><counter type="INSTRUCTION" missed="3" covered="0"/><counter type="LINE" missed="1" covered="0"/><counter type="COMPLEXITY" missed="1" covered="0"/><counter type="METHOD" missed="1" covered="0"/></method><method name="getArguments" desc="()Ljava/util/List;" line="65"><counter type="INSTRUCTION" missed="3" covered="0"/><counter type="LINE" missed="1" covered="0"/><counter type="COMPLEXITY" missed="1" covered="0"/><counter type="METHOD" missed="1" covered="0"/></method><method name="isOneway" desc="()Z" line="70"><counter type="INSTRUCTION" missed="3" covered="0"/><counter type="LINE" missed="1" covered="0"/><counter type="COMPLEXITY" missed="1" covered="0"/><counter type="METHOD" missed="1" covered="0"/></method><method name="getThrowsFields" desc="()Ljava/util/List;" line="75"><counter type="INSTRUCTION" missed="3" covered="0"/><counter type="LINE" missed="1" covered="0"/><counter type="COMPLEXITY" missed="1" covered="0"/><counter type="METHOD" missed="1" covered="0"/></method><method name="getAnnotations" desc="()Ljava/util/List;" line="80"><counter type="INSTRUCTION" missed="3" covered="0"/><counter type="LINE" missed="1" covered="0"/><counter type="COMPLEXITY" missed="1" covered="0"/><counter type="METHOD" missed="1" covered="0"/></method><method name="visit" desc="(Lcom/facebook/swift/parser/visitor/DocumentVisitor;)V" line="86"><counter type="INSTRUCTION" missed="4" covered="0"/><counter type="LINE" missed="2" covered="0"/><counter type="COMPLEXITY" missed="1" covered="0"/><counter type="METHOD" missed="1" covered="0"/></method><method name="toString" desc="()Ljava/lang/String;" line="92"><counter type="INSTRUCTION" missed="0" covered="28"/><counter type="LINE" missed="0" covered="1"/><counter type="COMPLEXITY" missed="0" covered="1"/><counter type="METHOD" missed="0" covered="1"/></method><counter type="INSTRUCTION" missed="22" covered="67"/><counter type="LINE" missed="8" covered="9"/><counter type="COMPLEXITY" missed="7" covered="2"/><counter type="METHOD" missed="7" covered="2"/><counter type="CLASS" missed="0" covered="1"/></class><class name="com/facebook/swift/parser/model/MapType"><method name="&lt;init&gt;" desc="(Lcom/facebook/swift/parser/model/ThriftType;Lcom/facebook/swift/parser/model/ThriftType;Ljava/lang/String;Ljava/util/List;)V" line="32"><counter type="INSTRUCTION" missed="0" covered="17"/><counter type="LINE" missed="0" covered="4"/><counter type="COMPLEXITY" missed="0" covered="1"/><counter type="METHOD" missed="0" covered="1"/></method><method name="getKeyType" desc="()Lcom/facebook/swift/parser/model/ThriftType;" line="39"><counter type="INSTRUCTION" missed="3" covered="0"/><counter type="LINE" missed="1" covered="0"/><counter type="COMPLEXITY" missed="1" covered="0"/><counter type="METHOD" missed="1" covered="0"/></method><method name="getValueType" desc="()Lcom/facebook/swift/parser/model/ThriftType;" line="44"><counter type="INSTRUCTION" missed="3" covered="0"/><counter type="LINE" missed="1" covered="0"/><counter type="COMPLEXITY" missed="1" covered="0"/><counter type="METHOD" missed="1" covered="0"/></method><method name="toString" desc="()Ljava/lang/String;" line="50"><counter type="INSTRUCTION" missed="0" covered="20"/><counter type="LINE" missed="0" covered="1"/><counter type="COMPLEXITY" missed="0" covered="1"/><counter type="METHOD" missed="0" covered="1"/></method><counter type="INSTRUCTION" missed="6" covered="37"/><counter type="LINE" missed="2" covered="5"/><counter type="COMPLEXITY" missed="2" covered="2"/><counter type="METHOD" missed="2" covered="2"/><counter type="CLASS" missed="0" covered="1"/></class><class name="com/facebook/swift/parser/model/ConstValue"><method name="&lt;init&gt;" desc="()V" line="18"><counter type="INSTRUCTION" missed="0" covered="3"/><counter type="LINE" missed="0" covered="1"/><counter type="COMPLEXITY" missed="0" covered="1"/><counter type="METHOD" missed="0" covered="1"/></method><counter type="INSTRUCTION" missed="0" covered="3"/><counter type="LINE" missed="0" covered="1"/><counter type="COMPLEXITY" missed="0" covered="1"/><counter type="METHOD" missed="0" covered="1"/><counter type="CLASS" missed="0" covered="1"/></class><class name="com/facebook/swift/parser/model/IntegerEnum"><method name="&lt;init&gt;" desc="(Ljava/lang/String;Ljava/util/List;)V" line="32"><counter type="INSTRUCTION" missed="0" covered="16"/><counter type="LINE" missed="0" covered="4"/><counter type="COMPLEXITY" missed="0" covered="1"/><counter type="METHOD" missed="0" covered="1"/></method><method name="getName" desc="()Ljava/lang/String;" line="40"><counter type="INSTRUCTION" missed="3" covered="0"/><counter type="LINE" missed="1" covered="0"/><counter type="COMPLEXITY" missed="1" covered="0"/><counter type="METHOD" missed="1" covered="0"/></method><method name="getFields" desc="()Ljava/util/List;" line="45"><counter type="INSTRUCTION" missed="3" covered="0"/><counter type="LINE" missed="1" covered="0"/><counter type="COMPLEXITY" missed="1" covered="0"/><counter type="METHOD" missed="1" covered="0"/></method><method name="toString" desc="()Ljava/lang/String;" line="51"><counter type="INSTRUCTION" missed="0" covered="12"/><counter type="LINE" missed="0" covered="1"/><counter type="COMPLEXITY" missed="0" covered="1"/><counter type="METHOD" missed="0" covered="1"/></method><counter type="INSTRUCTION" missed="6" covered="28"/><counter type="LINE" missed="2" covered="5"/><counter type="COMPLEXITY" missed="2" covered="2"/><counter type="METHOD" missed="2" covered="2"/><counter type="CLASS" missed="0" covered="1"/></class><class name="com/facebook/swift/parser/model/BaseType"><method name="&lt;init&gt;" desc="(Lcom/facebook/swift/parser/model/BaseType$Type;Ljava/util/List;)V" line="37"><counter type="INSTRUCTION" missed="0" covered="16"/><counter type="LINE" missed="0" covered="4"/><counter type="COMPLEXITY" missed="0" covered="1"/><counter type="METHOD" missed="0" covered="1"/></method><method name="getType" desc="()Lcom/facebook/swift/parser/model/BaseType$Type;" line="45"><counter type="INSTRUCTION" missed="3" covered="0"/><counter type="LINE" missed="1" covered="0"/><counter type="COMPLEXITY" missed="1" covered="0"/><counter type="METHOD" missed="1" covered="0"/></method><method name="getAnnotations" desc="()Ljava/util/List;" line="50"><counter type="INSTRUCTION" missed="3" covered="0"/><counter type="LINE" missed="1" covered="0"/><counter type="COMPLEXITY" missed="1" covered="0"/><counter type="METHOD" missed="1" covered="0"/></method><method name="toString" desc="()Ljava/lang/String;" line="56"><counter type="INSTRUCTION" missed="0" covered="12"/><counter type="LINE" missed="0" covered="1"/><counter type="COMPLEXITY" missed="0" covered="1"/><counter type="METHOD" missed="0" covered="1"/></method><counter type="INSTRUCTION" missed="6" covered="28"/><counter type="LINE" missed="2" covered="5"/><counter type="COMPLEXITY" missed="2" covered="2"/><counter type="METHOD" missed="2" covered="2"/><counter type="CLASS" missed="0" covered="1"/></class><class name="com/facebook/swift/parser/model/ConstList"><method name="&lt;init&gt;" desc="(Ljava/util/List;)V" line="31"><counter type="INSTRUCTION" missed="0" covered="10"/><counter type="LINE" missed="0" covered="3"/><counter type="COMPLEXITY" missed="0" covered="1"/><counter type="METHOD" missed="0" covered="1"/></method><method name="value" desc="()Ljava/util/List;" line="38"><counter type="INSTRUCTION" missed="3" covered="0"/><counter type="LINE" missed="1" covered="0"/><counter type="COMPLEXITY" missed="1" covered="0"/><counter type="METHOD" missed="1" covered="0"/></method><method name="toString" desc="()Ljava/lang/String;" line="44"><counter type="INSTRUCTION" missed="8" covered="0"/><counter type="LINE" missed="1" covered="0"/><counter type="COMPLEXITY" missed="1" covered="0"/><counter type="METHOD" missed="1" covered="0"/></method><counter type="INSTRUCTION" missed="11" covered="10"/><counter type="LINE" missed="2" covered="3"/><counter type="COMPLEXITY" missed="2" covered="1"/><counter type="METHOD" missed="2" covered="1"/><counter type="CLASS" missed="0" covered="1"/></class><class name="com/facebook/swift/parser/model/AbstractStruct"><method name="&lt;init&gt;" desc="(Ljava/lang/String;Ljava/util/List;Ljava/util/List;)V" line="36"><counter type="INSTRUCTION" missed="0" covered="23"/><counter type="LINE" missed="0" covered="5"/><counter type="COMPLEXITY" missed="0" covered="1"/><counter type="METHOD" missed="0" covered="1"/></method><method name="getName" desc="()Ljava/lang/String;" line="45"><counter type="INSTRUCTION" missed="3" covered="0"/><counter type="LINE" missed="1" covered="0"/><counter type="COMPLEXITY" missed="1" covered="0"/><counter type="METHOD" missed="1" covered="0"/></method><method name="getFields" desc="()Ljava/util/List;" line="50"><counter type="INSTRUCTION" missed="3" covered="0"/><counter type="LINE" missed="1" covered="0"/><counter type="COMPLEXITY" missed="1" covered="0"/><counter type="METHOD" missed="1" covered="0"/></method><method name="getAnnotations" desc="()Ljava/util/List;" line="55"><counter type="INSTRUCTION" missed="3" covered="0"/><counter type="LINE" missed="1" covered="0"/><counter type="COMPLEXITY" missed="1" covered="0"/><counter type="METHOD" missed="1" covered="0"/></method><method name="visit" desc="(Lcom/facebook/swift/parser/visitor/DocumentVisitor;)V" line="61"><counter type="INSTRUCTION" missed="12" covered="0"/><counter type="LINE" missed="4" covered="0"/><counter type="COMPLEXITY" missed="1" covered="0"/><counter type="METHOD" missed="1" covered="0"/></method><method name="toString" desc="()Ljava/lang/String;" line="70"><counter type="INSTRUCTION" missed="0" covered="16"/><counter type="LINE" missed="0" covered="1"/><counter type="COMPLEXITY" missed="0" covered="1"/><counter type="METHOD" missed="0" covered="1"/></method><counter type="INSTRUCTION" missed="21" covered="39"/><counter type="LINE" missed="7" covered="6"/><counter type="COMPLEXITY" missed="4" covered="2"/><counter type="METHOD" missed="4" covered="2"/><counter type="CLASS" missed="0" covered="1"/></class><class name="com/facebook/swift/parser/model/TypeAnnotation"><method name="&lt;init&gt;" desc="(Ljava/lang/String;Ljava/lang/String;)V" line="33"><counter type="INSTRUCTION" missed="0" covered="15"/><counter type="LINE" missed="0" covered="4"/><counter type="COMPLEXITY" missed="0" covered="1"/><counter type="METHOD" missed="0" covered="1"/></method><method name="getName" desc="()Ljava/lang/String;" line="40"><counter type="INSTRUCTION" missed="3" covered="0"/><counter type="LINE" missed="1" covered="0"/><counter type="COMPLEXITY" missed="1" covered="0"/><counter type="METHOD" missed="1" covered="0"/></method><method name="getValue" desc="()Ljava/lang/String;" line="45"><counter type="INSTRUCTION" missed="3" covered="0"/><counter type="LINE" missed="1" covered="0"/><counter type="COMPLEXITY" missed="1" covered="0"/><counter type="METHOD" missed="1" covered="0"/></method><method name="toString" desc="()Ljava/lang/String;" line="51"><counter type="INSTRUCTION" missed="12" covered="0"/><counter type="LINE" missed="1" covered="0"/><counter type="COMPLEXITY" missed="1" covered="0"/><counter type="METHOD" missed="1" covered="0"/></method><method name="visit" desc="(Lcom/facebook/swift/parser/visitor/DocumentVisitor;)V" line="60"><counter type="INSTRUCTION" missed="4" covered="0"/><counter type="LINE" missed="2" covered="0"/><counter type="COMPLEXITY" missed="1" covered="0"/><counter type="METHOD" missed="1" covered="0"/></method><counter type="INSTRUCTION" missed="22" covered="15"/><counter type="LINE" missed="5" covered="4"/><counter type="COMPLEXITY" missed="4" covered="1"/><counter type="METHOD" missed="4" covered="1"/><counter type="CLASS" missed="0" covered="1"/></class><class name="com/facebook/swift/parser/model/Union"><method name="&lt;init&gt;" desc="(Ljava/lang/String;Ljava/util/List;Ljava/util/List;)V" line="25"><counter type="INSTRUCTION" missed="0" covered="6"/><counter type="LINE" missed="0" covered="2"/><counter type="COMPLEXITY" missed="0" covered="1"/><counter type="METHOD" missed="0" covered="1"/></method><counter type="INSTRUCTION" missed="0" covered="6"/><counter type="LINE" missed="0" covered="2"/><counter type="COMPLEXITY" missed="0" covered="1"/><counter type="METHOD" missed="0" covered="1"/><counter type="CLASS" missed="0" covered="1"/></class><class name="com/facebook/swift/parser/model/ConstIdentifier"><method name="&lt;init&gt;" desc="(Ljava/lang/String;)V" line="28"><counter type="INSTRUCTION" missed="0" covered="9"/><counter type="LINE" missed="0" covered="3"/><counter type="COMPLEXITY" missed="0" covered="1"/><counter type="METHOD" missed="0" covered="1"/></method><method name="value" desc="()Ljava/lang/String;" line="35"><counter type="INSTRUCTION" missed="3" covered="0"/><counter type="LINE" missed="1" covered="0"/><counter type="COMPLEXITY" missed="1" covered="0"/><counter type="METHOD" missed="1" covered="0"/></method><method name="toString" desc="()Ljava/lang/String;" line="41"><counter type="INSTRUCTION" missed="8" covered="0"/><counter type="LINE" missed="1" covered="0"/><counter type="COMPLEXITY" missed="1" covered="0"/><counter type="METHOD" missed="1" covered="0"/></method><counter type="INSTRUCTION" missed="11" covered="9"/><counter type="LINE" missed="2" covered="3"/><counter type="COMPLEXITY" missed="2" covered="1"/><counter type="METHOD" missed="2" covered="1"/><counter type="CLASS" missed="0" covered="1"/></class><class name="com/facebook/swift/parser/model/Header"><method name="&lt;init&gt;" desc="(Ljava/util/List;Ljava/util/Map;Ljava/util/List;)V" line="34"><counter type="INSTRUCTION" missed="0" covered="24"/><counter type="LINE" missed="0" covered="5"/><counter type="COMPLEXITY" missed="0" covered="1"/><counter type="METHOD" missed="0" covered="1"/></method><method name="getIncludes" desc="()Ljava/util/List;" line="42"><counter type="INSTRUCTION" missed="3" covered="0"/><counter type="LINE" missed="1" covered="0"/><counter type="COMPLEXITY" missed="1" covered="0"/><counter type="METHOD" missed="1" covered="0"/></method><method name="getNamespace" desc="(Ljava/lang/String;)Ljava/lang/String;" line="47"><counter type="INSTRUCTION" missed="6" covered="0"/><counter type="LINE" missed="1" covered="0"/><counter type="COMPLEXITY" missed="1" covered="0"/><counter type="METHOD" missed="1" covered="0"/></method><method name="getNamespaces" desc="()Ljava/util/Map;" line="52"><counter type="INSTRUCTION" missed="3" covered="0"/><counter type="LINE" missed="1" covered="0"/><counter type="COMPLEXITY" missed="1" covered="0"/><counter type="METHOD" missed="1" covered="0"/></method><method name="getCppIncludes" desc="()Ljava/util/List;" line="57"><counter type="INSTRUCTION" missed="3" covered="0"/><counter type="LINE" missed="1" covered="0"/><counter type="COMPLEXITY" missed="1" covered="0"/><counter type="METHOD" missed="1" covered="0"/></method><method name="toString" desc="()Ljava/lang/String;" line="63"><counter type="INSTRUCTION" missed="0" covered="16"/><counter type="LINE" missed="0" covered="1"/><counter type="COMPLEXITY" missed="0" covered="1"/><counter type="METHOD" missed="0" covered="1"/></method><counter type="INSTRUCTION" missed="15" covered="40"/><counter type="LINE" missed="4" covered="6"/><counter type="COMPLEXITY" missed="4" covered="2"/><counter type="METHOD" missed="4" covered="2"/><counter type="CLASS" missed="0" covered="1"/></class><class name="com/facebook/swift/parser/model/SetType"><method name="&lt;init&gt;" desc="(Lcom/facebook/swift/parser/model/ThriftType;Ljava/lang/String;Ljava/util/List;)V" line="31"><counter type="INSTRUCTION" missed="0" covered="11"/><counter type="LINE" missed="0" covered="3"/><counter type="COMPLEXITY" missed="0" covered="1"/><counter type="METHOD" missed="0" covered="1"/></method><method name="getType" desc="()Lcom/facebook/swift/parser/model/ThriftType;" line="37"><counter type="INSTRUCTION" missed="3" covered="0"/><counter type="LINE" missed="1" covered="0"/><counter type="COMPLEXITY" missed="1" covered="0"/><counter type="METHOD" missed="1" covered="0"/></method><method name="toString" desc="()Ljava/lang/String;" line="43"><counter type="INSTRUCTION" missed="16" covered="0"/><counter type="LINE" missed="1" covered="0"/><counter type="COMPLEXITY" missed="1" covered="0"/><counter type="METHOD" missed="1" covered="0"/></method><counter type="INSTRUCTION" missed="19" covered="11"/><counter type="LINE" missed="2" covered="3"/><counter type="COMPLEXITY" missed="2" covered="1"/><counter type="METHOD" missed="2" covered="1"/><counter type="CLASS" missed="0" covered="1"/></class><class name="com/facebook/swift/parser/model/ConstString"><method name="&lt;init&gt;" desc="(Ljava/lang/String;)V" line="28"><counter type="INSTRUCTION" missed="0" covered="9"/><counter type="LINE" missed="0" covered="3"/><counter type="COMPLEXITY" missed="0" covered="1"/><counter type="METHOD" missed="0" covered="1"/></method><method name="value" desc="()Ljava/lang/String;" line="35"><counter type="INSTRUCTION" missed="3" covered="0"/><counter type="LINE" missed="1" covered="0"/><counter type="COMPLEXITY" missed="1" covered="0"/><counter type="METHOD" missed="1" covered="0"/></method><method name="toString" desc="()Ljava/lang/String;" line="41"><counter type="INSTRUCTION" missed="0" covered="8"/><counter type="LINE" missed="0" covered="1"/><counter type="COMPLEXITY" missed="0" covered="1"/><counter type="METHOD" missed="0" covered="1"/></method><counter type="INSTRUCTION" missed="3" covered="17"/><counter type="LINE" missed="1" covered="4"/><counter type="COMPLEXITY" missed="1" covered="2"/><counter type="METHOD" missed="1" covered="2"/><counter type="CLASS" missed="0" covered="1"/></class><class name="com/facebook/swift/parser/model/Const"><method name="&lt;init&gt;" desc="(Ljava/lang/String;Lcom/facebook/swift/parser/model/ThriftType;Lcom/facebook/swift/parser/model/ConstValue;)V" line="30"><counter type="INSTRUCTION" missed="0" covered="21"/><counter type="LINE" missed="0" covered="5"/><counter type="COMPLEXITY" missed="0" covered="1"/><counter type="METHOD" missed="0" covered="1"/></method><method name="getName" desc="()Ljava/lang/String;" line="39"><counter type="INSTRUCTION" missed="3" covered="0"/><counter type="LINE" missed="1" covered="0"/><counter type="COMPLEXITY" missed="1" covered="0"/><counter type="METHOD" missed="1" covered="0"/></method><method name="getType" desc="()Lcom/facebook/swift/parser/model/ThriftType;" line="44"><counter type="INSTRUCTION" missed="3" covered="0"/><counter type="LINE" missed="1" covered="0"/><counter type="COMPLEXITY" missed="1" covered="0"/><counter type="METHOD" missed="1" covered="0"/></method><method name="getValue" desc="()Lcom/facebook/swift/parser/model/ConstValue;" line="49"><counter type="INSTRUCTION" missed="3" covered="0"/><counter type="LINE" missed="1" covered="0"/><counter type="COMPLEXITY" missed="1" covered="0"/><counter type="METHOD" missed="1" covered="0"/></method><method name="toString" desc="()Ljava/lang/String;" line="55"><counter type="INSTRUCTION" missed="16" covered="0"/><counter type="LINE" missed="1" covered="0"/><counter type="COMPLEXITY" missed="1" covered="0"/><counter type="METHOD" missed="1" covered="0"/></method><counter type="INSTRUCTION" missed="25" covered="21"/><counter type="LINE" missed="4" covered="5"/><counter type="COMPLEXITY" missed="4" covered="1"/><counter type="METHOD" missed="4" covered="1"/><counter type="CLASS" missed="0" covered="1"/></class><class name="com/facebook/swift/parser/model/ListType"><method name="&lt;init&gt;" desc="(Lcom/facebook/swift/parser/model/ThriftType;Ljava/lang/String;Ljava/util/List;)V" line="31"><counter type="INSTRUCTION" missed="0" covered="11"/><counter type="LINE" missed="0" covered="3"/><counter type="COMPLEXITY" missed="0" covered="1"/><counter type="METHOD" missed="0" covered="1"/></method><method name="getType" desc="()Lcom/facebook/swift/parser/model/ThriftType;" line="37"><counter type="INSTRUCTION" missed="3" covered="0"/><counter type="LINE" missed="1" covered="0"/><counter type="COMPLEXITY" missed="1" covered="0"/><counter type="METHOD" missed="1" covered="0"/></method><method name="toString" desc="()Ljava/lang/String;" line="43"><counter type="INSTRUCTION" missed="0" covered="16"/><counter type="LINE" missed="0" covered="1"/><counter type="COMPLEXITY" missed="0" covered="1"/><counter type="METHOD" missed="0" covered="1"/></method><counter type="INSTRUCTION" missed="3" covered="27"/><counter type="LINE" missed="1" covered="4"/><counter type="COMPLEXITY" missed="1" covered="2"/><counter type="METHOD" missed="1" covered="2"/><counter type="CLASS" missed="0" covered="1"/></class><class name="com/facebook/swift/parser/model/StringEnum"><method name="&lt;init&gt;" desc="(Ljava/lang/String;Ljava/util/List;)V" line="32"><counter type="INSTRUCTION" missed="0" covered="16"/><counter type="LINE" missed="0" covered="4"/><counter type="COMPLEXITY" missed="0" covered="1"/><counter type="METHOD" missed="0" covered="1"/></method><method name="getName" desc="()Ljava/lang/String;" line="40"><counter type="INSTRUCTION" missed="3" covered="0"/><counter type="LINE" missed="1" covered="0"/><counter type="COMPLEXITY" missed="1" covered="0"/><counter type="METHOD" missed="1" covered="0"/></method><method name="getValues" desc="()Ljava/util/List;" line="45"><counter type="INSTRUCTION" missed="3" covered="0"/><counter type="LINE" missed="1" covered="0"/><counter type="COMPLEXITY" missed="1" covered="0"/><counter type="METHOD" missed="1" covered="0"/></method><method name="toString" desc="()Ljava/lang/String;" line="51"><counter type="INSTRUCTION" missed="12" covered="0"/><counter type="LINE" missed="1" covered="0"/><counter type="COMPLEXITY" missed="1" covered="0"/><counter type="METHOD" missed="1" covered="0"/></method><counter type="INSTRUCTION" missed="18" covered="16"/><counter type="LINE" missed="3" covered="4"/><counter type="COMPLEXITY" missed="3" covered="1"/><counter type="METHOD" missed="3" covered="1"/><counter type="CLASS" missed="0" covered="1"/></class><class name="com/facebook/swift/parser/model/Service"><method name="&lt;init&gt;" desc="(Ljava/lang/String;Ljava/lang/String;Ljava/util/List;)V" line="37"><counter type="INSTRUCTION" missed="0" covered="20"/><counter type="LINE" missed="0" covered="5"/><counter type="COMPLEXITY" missed="0" covered="1"/><counter type="METHOD" missed="0" covered="1"/></method><method name="getName" desc="()Ljava/lang/String;" line="46"><counter type="INSTRUCTION" missed="3" covered="0"/><counter type="LINE" missed="1" covered="0"/><counter type="COMPLEXITY" missed="1" covered="0"/><counter type="METHOD" missed="1" covered="0"/></method><method name="getParent" desc="()Lcom/google/common/base/Optional;" line="51"><counter type="INSTRUCTION" missed="3" covered="0"/><counter type="LINE" missed="1" covered="0"/><counter type="COMPLEXITY" missed="1" covered="0"/><counter type="METHOD" missed="1" covered="0"/></method><method name="getMethods" desc="()Ljava/util/List;" line="56"><counter type="INSTRUCTION" missed="3" covered="0"/><counter type="LINE" missed="1" covered="0"/><counter type="COMPLEXITY" missed="1" covered="0"/><counter type="METHOD" missed="1" covered="0"/></method><method name="visit" desc="(Lcom/facebook/swift/parser/visitor/DocumentVisitor;)V" line="62"><counter type="INSTRUCTION" missed="8" covered="0"/><counter type="LINE" missed="3" covered="0"/><counter type="COMPLEXITY" missed="1" covered="0"/><counter type="METHOD" missed="1" covered="0"/></method><method name="toString" desc="()Ljava/lang/String;" line="70"><counter type="INSTRUCTION" missed="0" covered="16"/><counter type="LINE" missed="0" covered="1"/><counter type="COMPLEXITY" missed="0" covered="1"/><counter type="METHOD" missed="0" covered="1"/></method><counter type="INSTRUCTION" missed="17" covered="36"/><counter type="LINE" missed="6" covered="6"/><counter type="COMPLEXITY" missed="4" covered="2"/><counter type="METHOD" missed="4" covered="2"/><counter type="CLASS" missed="0" covered="1"/></class><class name="com/facebook/swift/parser/model/Document"><method name="&lt;init&gt;" desc="(Lcom/facebook/swift/parser/model/Header;Ljava/util/List;)V" line="37"><counter type="INSTRUCTION" missed="0" covered="16"/><counter type="LINE" missed="0" covered="4"/><counter type="COMPLEXITY" missed="0" covered="1"/><counter type="METHOD" missed="0" covered="1"/></method><method name="getHeader" desc="()Lcom/facebook/swift/parser/model/Header;" line="44"><counter type="INSTRUCTION" missed="3" covered="0"/><counter type="LINE" missed="1" covered="0"/><counter type="COMPLEXITY" missed="1" covered="0"/><counter type="METHOD" missed="1" covered="0"/></method><method name="getDefinitions" desc="()Ljava/util/List;" line="49"><counter type="INSTRUCTION" missed="3" covered="0"/><counter type="LINE" missed="1" covered="0"/><counter type="COMPLEXITY" missed="1" covered="0"/><counter type="METHOD" missed="1" covered="0"/></method><method name="visit" desc="(Lcom/facebook/swift/parser/visitor/DocumentVisitor;)V" line="54"><counter type="INSTRUCTION" missed="24" covered="0"/><counter type="BRANCH" missed="4" covered="0"/><counter type="LINE" missed="6" covered="0"/><counter type="COMPLEXITY" missed="3" covered="0"/><counter type="METHOD" missed="1" covered="0"/></method><method name="toString" desc="()Ljava/lang/String;" line="67"><counter type="INSTRUCTION" missed="0" covered="12"/><counter type="LINE" missed="0" covered="1"/><counter type="COMPLEXITY" missed="0" covered="1"/><counter type="METHOD" missed="0" covered="1"/></method><method name="emptyDocument" desc="()Lcom/facebook/swift/parser/model/Document;" line="75"><counter type="INSTRUCTION" missed="0" covered="21"/><counter type="LINE" missed="0" covered="6"/><counter type="COMPLEXITY" missed="0" covered="1"/><counter type="METHOD" missed="0" covered="1"/></method><counter type="INSTRUCTION" missed="30" covered="49"/><counter type="BRANCH" missed="4" covered="0"/><counter type="LINE" missed="8" covered="11"/><counter type="COMPLEXITY" missed="5" covered="3"/><counter type="METHOD" missed="3" covered="3"/><counter type="CLASS" missed="0" covered="1"/></class><class name="com/facebook/swift/parser/model/IdentifierType"><method name="&lt;init&gt;" desc="(Ljava/lang/String;)V" line="28"><counter type="INSTRUCTION" missed="0" covered="9"/><counter type="LINE" missed="0" covered="3"/><counter type="COMPLEXITY" missed="0" covered="1"/><counter type="METHOD" missed="0" covered="1"/></method><method name="getName" desc="()Ljava/lang/String;" line="34"><counter type="INSTRUCTION" missed="3" covered="0"/><counter type="LINE" missed="1" covered="0"/><counter type="COMPLEXITY" missed="1" covered="0"/><counter type="METHOD" missed="1" covered="0"/></method><method name="toString" desc="()Ljava/lang/String;" line="40"><counter type="INSTRUCTION" missed="0" covered="8"/><counter type="LINE" missed="0" covered="1"/><counter type="COMPLEXITY" missed="0" covered="1"/><counter type="METHOD" missed="0" covered="1"/></method><counter type="INSTRUCTION" missed="3" covered="17"/><counter type="LINE" missed="1" covered="4"/><counter type="COMPLEXITY" missed="1" covered="2"/><counter type="METHOD" missed="1" covered="2"/><counter type="CLASS" missed="0" covered="1"/></class><class name="com/facebook/swift/parser/model/ThriftField"><method name="&lt;init&gt;" desc="(Ljava/lang/String;Lcom/facebook/swift/parser/model/ThriftType;Ljava/lang/Long;Lcom/facebook/swift/parser/model/ThriftField$Required;Lcom/facebook/swift/parser/model/ConstValue;Ljava/util/List;)V" line="49"><counter type="INSTRUCTION" missed="0" covered="35"/><counter type="LINE" missed="0" covered="8"/><counter type="COMPLEXITY" missed="0" covered="1"/><counter type="METHOD" missed="0" covered="1"/></method><method name="getName" desc="()Ljava/lang/String;" line="60"><counter type="INSTRUCTION" missed="3" covered="0"/><counter type="LINE" missed="1" covered="0"/><counter type="COMPLEXITY" missed="1" covered="0"/><counter type="METHOD" missed="1" covered="0"/></method><method name="getType" desc="()Lcom/facebook/swift/parser/model/ThriftType;" line="65"><counter type="INSTRUCTION" missed="3" covered="0"/><counter type="LINE" missed="1" covered="0"/><counter type="COMPLEXITY" missed="1" covered="0"/><counter type="METHOD" missed="1" covered="0"/></method><method name="getIdentifier" desc="()Lcom/google/common/base/Optional;" line="70"><counter type="INSTRUCTION" missed="3" covered="0"/><counter type="LINE" missed="1" covered="0"/><counter type="COMPLEXITY" missed="1" covered="0"/><counter type="METHOD" missed="1" covered="0"/></method><method name="getRequired" desc="()Lcom/facebook/swift/parser/model/ThriftField$Required;" line="75"><counter type="INSTRUCTION" missed="3" covered="0"/><counter type="LINE" missed="1" covered="0"/><counter type="COMPLEXITY" missed="1" covered="0"/><counter type="METHOD" missed="1" covered="0"/></method><method name="getValue" desc="()Lcom/google/common/base/Optional;" line="80"><counter type="INSTRUCTION" missed="3" covered="0"/><counter type="LINE" missed="1" covered="0"/><counter type="COMPLEXITY" missed="1" covered="0"/><counter type="METHOD" missed="1" covered="0"/></method><method name="getAnnotations" desc="()Ljava/util/List;" line="85"><counter type="INSTRUCTION" missed="3" covered="0"/><counter type="LINE" missed="1" covered="0"/><counter type="COMPLEXITY" missed="1" covered="0"/><counter type="METHOD" missed="1" covered="0"/></method><method name="toString" desc="()Ljava/lang/String;" line="91"><counter type="INSTRUCTION" missed="0" covered="28"/><counter type="LINE" missed="0" covered="1"/><counter type="COMPLEXITY" missed="0" covered="1"/><counter type="METHOD" missed="0" covered="1"/></method><method name="visit" desc="(Lcom/facebook/swift/parser/visitor/DocumentVisitor;)V" line="105"><counter type="INSTRUCTION" missed="4" covered="0"/><counter type="LINE" missed="2" covered="0"/><counter type="COMPLEXITY" missed="1" covered="0"/><counter type="METHOD" missed="1" covered="0"/></method><counter type="INSTRUCTION" missed="22" covered="63"/><counter type="LINE" missed="8" covered="9"/><counter type="COMPLEXITY" missed="7" covered="2"/><counter type="METHOD" missed="7" covered="2"/><counter type="CLASS" missed="0" covered="1"/></class><class name="com/facebook/swift/parser/model/ConstMap"><method name="&lt;init&gt;" desc="(Ljava/util/Map;)V" line="31"><counter type="INSTRUCTION" missed="0" covered="10"/><counter type="LINE" missed="0" covered="3"/><counter type="COMPLEXITY" missed="0" covered="1"/><counter type="METHOD" missed="0" covered="1"/></method><method name="value" desc="()Ljava/util/Map;" line="38"><counter type="INSTRUCTION" missed="3" covered="0"/><counter type="LINE" missed="1" covered="0"/><counter type="COMPLEXITY" missed="1" covered="0"/><counter type="METHOD" missed="1" covered="0"/></method><method name="toString" desc="()Ljava/lang/String;" line="44"><counter type="INSTRUCTION" missed="8" covered="0"/><counter type="LINE" missed="1" covered="0"/><counter type="COMPLEXITY" missed="1" covered="0"/><counter type="METHOD" missed="1" covered="0"/></method><counter type="INSTRUCTION" missed="11" covered="10"/><counter type="LINE" missed="2" covered="3"/><counter type="COMPLEXITY" missed="2" covered="1"/><counter type="METHOD" missed="2" covered="1"/><counter type="CLASS" missed="0" covered="1"/></class><class name="com/facebook/swift/parser/model/Definition"><method name="&lt;init&gt;" desc="()V" line="24"><counter type="INSTRUCTION" missed="0" covered="3"/><counter type="LINE" missed="0" covered="1"/><counter type="COMPLEXITY" missed="0" covered="1"/><counter type="METHOD" missed="0" covered="1"/></method><method name="visit" desc="(Lcom/facebook/swift/parser/visitor/DocumentVisitor;)V" line="29"><counter type="INSTRUCTION" missed="4" covered="0"/><counter type="LINE" missed="2" covered="0"/><counter type="COMPLEXITY" missed="1" covered="0"/><counter type="METHOD" missed="1" covered="0"/></method><counter type="INSTRUCTION" missed="4" covered="3"/><counter type="LINE" missed="2" covered="1"/><counter type="COMPLEXITY" missed="1" covered="1"/><counter type="METHOD" missed="1" covered="1"/><counter type="CLASS" missed="0" covered="1"/></class><class name="com/facebook/swift/parser/model/ContainerType"><method name="&lt;init&gt;" desc="(Ljava/lang/String;Ljava/util/List;)V" line="32"><counter type="INSTRUCTION" missed="0" covered="14"/><counter type="LINE" missed="0" covered="4"/><counter type="COMPLEXITY" missed="0" covered="1"/><counter type="METHOD" missed="0" covered="1"/></method><method name="getCppType" desc="()Lcom/google/common/base/Optional;" line="39"><counter type="INSTRUCTION" missed="3" covered="0"/><counter type="LINE" missed="1" covered="0"/><counter type="COMPLEXITY" missed="1" covered="0"/><counter type="METHOD" missed="1" covered="0"/></method><method name="getAnnotations" desc="()Ljava/util/List;" line="44"><counter type="INSTRUCTION" missed="3" covered="0"/><counter type="LINE" missed="1" covered="0"/><counter type="COMPLEXITY" missed="1" covered="0"/><counter type="METHOD" missed="1" covered="0"/></method><counter type="INSTRUCTION" missed="6" covered="14"/><counter type="LINE" missed="2" covered="4"/><counter type="COMPLEXITY" missed="2" covered="1"/><counter type="METHOD" missed="2" covered="1"/><counter type="CLASS" missed="0" covered="1"/></class><class name="com/facebook/swift/parser/model/Struct"><method name="&lt;init&gt;" desc="(Ljava/lang/String;Ljava/util/List;Ljava/util/List;)V" line="25"><counter type="INSTRUCTION" missed="0" covered="6"/><counter type="LINE" missed="0" covered="2"/><counter type="COMPLEXITY" missed="0" covered="1"/><counter type="METHOD" missed="0" covered="1"/></method><counter type="INSTRUCTION" missed="0" covered="6"/><counter type="LINE" missed="0" covered="2"/><counter type="COMPLEXITY" missed="0" covered="1"/><counter type="METHOD" missed="0" covered="1"/><counter type="CLASS" missed="0" covered="1"/></class><class name="com/facebook/swift/parser/model/IntegerEnumField"><method name="&lt;init&gt;" desc="(Ljava/lang/String;Ljava/lang/Long;)V" line="29"><counter type="INSTRUCTION" missed="0" covered="13"/><counter type="LINE" missed="0" covered="4"/><counter type="COMPLEXITY" missed="0" covered="1"/><counter type="METHOD" missed="0" covered="1"/></method><method name="getName" desc="()Ljava/lang/String;" line="36"><counter type="INSTRUCTION" missed="3" covered="0"/><counter type="LINE" missed="1" covered="0"/><counter type="COMPLEXITY" missed="1" covered="0"/><counter type="METHOD" missed="1" covered="0"/></method><method name="getValue" desc="()Lcom/google/common/base/Optional;" line="41"><counter type="INSTRUCTION" missed="3" covered="0"/><counter type="LINE" missed="1" covered="0"/><counter type="COMPLEXITY" missed="1" covered="0"/><counter type="METHOD" missed="1" covered="0"/></method><method name="toString" desc="()Ljava/lang/String;" line="47"><counter type="INSTRUCTION" missed="0" covered="12"/><counter type="LINE" missed="0" covered="1"/><counter type="COMPLEXITY" missed="0" covered="1"/><counter type="METHOD" missed="0" covered="1"/></method><counter type="INSTRUCTION" missed="6" covered="25"/><counter type="LINE" missed="2" covered="5"/><counter type="COMPLEXITY" missed="2" covered="2"/><counter type="METHOD" missed="2" covered="2"/><counter type="CLASS" missed="0" covered="1"/></class><class name="com/facebook/swift/parser/model/BaseType$Type"><method name="values" desc="()[Lcom/facebook/swift/parser/model/BaseType$Type;" line="28"><counter type="INSTRUCTION" missed="4" covered="0"/><counter type="LINE" missed="1" covered="0"/><counter type="COMPLEXITY" missed="1" covered="0"/><counter type="METHOD" missed="1" covered="0"/></method><method name="valueOf" desc="(Ljava/lang/String;)Lcom/facebook/swift/parser/model/BaseType$Type;" line="28"><counter type="INSTRUCTION" missed="5" covered="0"/><counter type="LINE" missed="1" covered="0"/><counter type="COMPLEXITY" missed="1" covered="0"/><counter type="METHOD" missed="1" covered="0"/></method><method name="&lt;init&gt;" desc="(Ljava/lang/String;I)V" line="28"><counter type="INSTRUCTION" missed="0" covered="5"/><counter type="LINE" missed="0" covered="1"/><counter type="COMPLEXITY" missed="0" covered="1"/><counter type="METHOD" missed="0" covered="1"/></method><method name="&lt;clinit&gt;" desc="()V" line="28"><counter type="INSTRUCTION" missed="0" covered="84"/><counter type="LINE" missed="0" covered="2"/><counter type="COMPLEXITY" missed="0" covered="1"/><counter type="METHOD" missed="0" covered="1"/></method><counter type="INSTRUCTION" missed="9" covered="89"/><counter type="LINE" missed="0" covered="2"/><counter type="COMPLEXITY" missed="2" covered="2"/><counter type="METHOD" missed="2" covered="2"/><counter type="CLASS" missed="0" covered="1"/></class><class name="com/facebook/swift/parser/model/VoidType"><method name="&lt;init&gt;" desc="()V" line="20"><counter type="INSTRUCTION" missed="0" covered="3"/><counter type="LINE" missed="0" covered="1"/><counter type="COMPLEXITY" missed="0" covered="1"/><counter type="METHOD" missed="0" covered="1"/></method><method name="toString" desc="()Ljava/lang/String;" line="26"><counter type="INSTRUCTION" missed="0" covered="4"/><counter type="LINE" missed="0" covered="1"/><counter type="COMPLEXITY" missed="0" covered="1"/><counter type="METHOD" missed="0" covered="1"/></method><counter type="INSTRUCTION" missed="0" covered="7"/><counter type="LINE" missed="0" covered="2"/><counter type="COMPLEXITY" missed="0" covered="2"/><counter type="METHOD" missed="0" covered="2"/><counter type="CLASS" missed="0" covered="1"/></class><class name="com/facebook/swift/parser/model/ConstDouble"><method name="&lt;init&gt;" desc="(D)V" line="26"><counter type="INSTRUCTION" missed="0" covered="6"/><counter type="LINE" missed="0" covered="3"/><counter type="COMPLEXITY" missed="0" covered="1"/><counter type="METHOD" missed="0" covered="1"/></method><method name="value" desc="()Ljava/lang/Double;" line="33"><counter type="INSTRUCTION" missed="4" covered="0"/><counter type="LINE" missed="1" covered="0"/><counter type="COMPLEXITY" missed="1" covered="0"/><counter type="METHOD" missed="1" covered="0"/></method><method name="toString" desc="()Ljava/lang/String;" line="39"><counter type="INSTRUCTION" missed="8" covered="0"/><counter type="LINE" missed="1" covered="0"/><counter type="COMPLEXITY" missed="1" covered="0"/><counter type="METHOD" missed="1" covered="0"/></method><counter type="INSTRUCTION" missed="12" covered="6"/><counter type="LINE" missed="2" covered="3"/><counter type="COMPLEXITY" missed="2" covered="1"/><counter type="METHOD" missed="2" covered="1"/><counter type="CLASS" missed="0" covered="1"/></class><class name="com/facebook/swift/parser/model/ConstInteger"><method name="&lt;init&gt;" desc="(J)V" line="26"><counter type="INSTRUCTION" missed="0" covered="6"/><counter type="LINE" missed="0" covered="3"/><counter type="COMPLEXITY" missed="0" covered="1"/><counter type="METHOD" missed="0" covered="1"/></method><method name="value" desc="()Ljava/lang/Long;" line="33"><counter type="INSTRUCTION" missed="4" covered="0"/><counter type="LINE" missed="1" covered="0"/><counter type="COMPLEXITY" missed="1" covered="0"/><counter type="METHOD" missed="1" covered="0"/></method><method name="toString" desc="()Ljava/lang/String;" line="39"><counter type="INSTRUCTION" missed="0" covered="8"/><counter type="LINE" missed="0" covered="1"/><counter type="COMPLEXITY" missed="0" covered="1"/><counter type="METHOD" missed="0" covered="1"/></method><counter type="INSTRUCTION" missed="4" covered="14"/><counter type="LINE" missed="1" covered="4"/><counter type="COMPLEXITY" missed="1" covered="2"/><counter type="METHOD" missed="1" covered="2"/><counter type="CLASS" missed="0" covered="1"/></class><class name="com/facebook/swift/parser/model/ThriftException"><method name="&lt;init&gt;" desc="(Ljava/lang/String;Ljava/util/List;Ljava/util/List;)V" line="28"><counter type="INSTRUCTION" missed="0" covered="6"/><counter type="LINE" missed="0" covered="2"/><counter type="COMPLEXITY" missed="0" covered="1"/><counter type="METHOD" missed="0" covered="1"/></method><counter type="INSTRUCTION" missed="0" covered="6"/><counter type="LINE" missed="0" covered="2"/><counter type="COMPLEXITY" missed="0" covered="1"/><counter type="METHOD" missed="0" covered="1"/><counter type="CLASS" missed="0" covered="1"/></class><class name="com/facebook/swift/parser/model/Typedef"><method name="&lt;init&gt;" desc="(Ljava/lang/String;Lcom/facebook/swift/parser/model/ThriftType;)V" line="30"><counter type="INSTRUCTION" missed="0" covered="15"/><counter type="LINE" missed="0" covered="4"/><counter type="COMPLEXITY" missed="0" covered="1"/><counter type="METHOD" missed="0" covered="1"/></method><method name="getName" desc="()Ljava/lang/String;" line="38"><counter type="INSTRUCTION" missed="3" covered="0"/><counter type="LINE" missed="1" covered="0"/><counter type="COMPLEXITY" missed="1" covered="0"/><counter type="METHOD" missed="1" covered="0"/></method><method name="getType" desc="()Lcom/facebook/swift/parser/model/ThriftType;" line="43"><counter type="INSTRUCTION" missed="3" covered="0"/><counter type="LINE" missed="1" covered="0"/><counter type="COMPLEXITY" missed="1" covered="0"/><counter type="METHOD" missed="1" covered="0"/></method><method name="toString" desc="()Ljava/lang/String;" line="49"><counter type="INSTRUCTION" missed="0" covered="12"/><counter type="LINE" missed="0" covered="1"/><counter type="COMPLEXITY" missed="0" covered="1"/><counter type="METHOD" missed="0" covered="1"/></method><counter type="INSTRUCTION" missed="6" covered="27"/><counter type="LINE" missed="2" covered="5"/><counter type="COMPLEXITY" missed="2" covered="2"/><counter type="METHOD" missed="2" covered="2"/><counter type="CLASS" missed="0" covered="1"/></class><sourcefile name="VoidType.java"><line nr="20" mi="0" ci="3" mb="0" cb="0"/><line nr="26" mi="0" ci="4" mb="0" cb="0"/><counter type="INSTRUCTION" missed="0" covered="7"/><counter type="LINE" missed="0" covered="2"/><counter type="COMPLEXITY" missed="0" covered="2"/><counter type="METHOD" missed="0" covered="2"/><counter type="CLASS" missed="0" covered="1"/></sourcefile><sourcefile name="ConstDouble.java"><line nr="26" mi="0" ci="2" mb="0" cb="0"/><line nr="27" mi="0" ci="3" mb="0" cb="0"/><line nr="28" mi="0" ci="1" mb="0" cb="0"/><line nr="33" mi="4" ci="0" mb="0" cb="0"/><line nr="39" mi="8" ci="0" mb="0" cb="0"/><counter type="INSTRUCTION" missed="12" covered="6"/><counter type="LINE" missed="2" covered="3"/><counter type="COMPLEXITY" missed="2" covered="1"/><counter type="METHOD" missed="2" covered="1"/><counter type="CLASS" missed="0" covered="1"/></sourcefile><sourcefile name="ContainerType.java"><line nr="32" mi="0" ci="2" mb="0" cb="0"/><line nr="33" mi="0" ci="4" mb="0" cb="0"/><line nr="34" mi="0" ci="7" mb="0" cb="0"/><line nr="35" mi="0" ci="1" mb="0" cb="0"/><line nr="39" mi="3" ci="0" mb="0" cb="0"/><line nr="44" mi="3" ci="0" mb="0" cb="0"/><counter type="INSTRUCTION" missed="6" covered="14"/><counter type="LINE" missed="2" covered="4"/><counter type="COMPLEXITY" missed="2" covered="1"/><counter type="METHOD" missed="2" covered="1"/><counter type="CLASS" missed="0" covered="1"/></sourcefile><sourcefile name="ThriftMethod.java"><line nr="44" mi="0" ci="2" mb="0" cb="0"/><line nr="45" mi="0" ci="6" mb="0" cb="0"/><line nr="46" mi="0" ci="6" mb="0" cb="0"/><line nr="47" mi="0" ci="7" mb="0" cb="0"/><line nr="48" mi="0" ci="3" mb="0" cb="0"/><line nr="49" mi="0" ci="7" mb="0" cb="0"/><line nr="50" mi="0" ci="7" mb="0" cb="0"/><line nr="51" mi="0" ci="1" mb="0" cb="0"/><line nr="55" mi="3" ci="0" mb="0" cb="0"/><line nr="60" mi="3" ci="0" mb="0" cb="0"/><line nr="65" mi="3" ci="0" mb="0" cb="0"/><line nr="70" mi="3" ci="0" mb="0" cb="0"/><line nr="75" mi="3" ci="0" mb="0" cb="0"/><line nr="80" mi="3" ci="0" mb="0" cb="0"/><line nr="86" mi="3" ci="0" mb="0" cb="0"/><line nr="87" mi="1" ci="0" mb="0" cb="0"/><line nr="92" mi="0" ci="28" mb="0" cb="0"/><counter type="INSTRUCTION" missed="22" covered="67"/><counter type="LINE" missed="8" covered="9"/><counter type="COMPLEXITY" missed="7" covered="2"/><counter type="METHOD" missed="7" covered="2"/><counter type="CLASS" missed="0" covered="1"/></sourcefile><sourcefile name="Const.java"><line nr="30" mi="0" ci="2" mb="0" cb="0"/><line nr="31" mi="0" ci="6" mb="0" cb="0"/><line nr="32" mi="0" ci="6" mb="0" cb="0"/><line nr="33" mi="0" ci="6" mb="0" cb="0"/><line nr="34" mi="0" ci="1" mb="0" cb="0"/><line nr="39" mi="3" ci="0" mb="0" cb="0"/><line nr="44" mi="3" ci="0" mb="0" cb="0"/><line nr="49" mi="3" ci="0" mb="0" cb="0"/><line nr="55" mi="16" ci="0" mb="0" cb="0"/><counter type="INSTRUCTION" missed="25" covered="21"/><counter type="LINE" missed="4" covered="5"/><counter type="COMPLEXITY" missed="4" covered="1"/><counter type="METHOD" missed="4" covered="1"/><counter type="CLASS" missed="0" covered="1"/></sourcefile><sourcefile name="ConstString.java"><line nr="28" mi="0" ci="2" mb="0" cb="0"/><line nr="29" mi="0" ci="6" mb="0" cb="0"/><line nr="30" mi="0" ci="1" mb="0" cb="0"/><line nr="35" mi="3" ci="0" mb="0" cb="0"/><line nr="41" mi="0" ci="8" mb="0" cb="0"/><counter type="INSTRUCTION" missed="3" covered="17"/><counter type="LINE" missed="1" covered="4"/><counter type="COMPLEXITY" missed="1" covered="2"/><counter type="METHOD" missed="1" covered="2"/><counter type="CLASS" missed="0" covered="1"/></sourcefile><sourcefile name="AbstractStruct.java"><line nr="36" mi="0" ci="2" mb="0" cb="0"/><line nr="37" mi="0" ci="6" mb="0" cb="0"/><line nr="38" mi="0" ci="7" mb="0" cb="0"/><line nr="39" mi="0" ci="7" mb="0" cb="0"/><line nr="40" mi="0" ci="1" mb="0" cb="0"/><line nr="45" mi="3" ci="0" mb="0" cb="0"/><line nr="50" mi="3" ci="0" mb="0" cb="0"/><line nr="55" mi="3" ci="0" mb="0" cb="0"/><line nr="61" mi="3" ci="0" mb="0" cb="0"/><line nr="63" mi="4" ci="0" mb="0" cb="0"/><line nr="64" mi="4" ci="0" mb="0" cb="0"/><line nr="65" mi="1" ci="0" mb="0" cb="0"/><line nr="70" mi="0" ci="16" mb="0" cb="0"/><counter type="INSTRUCTION" missed="21" covered="39"/><counter type="LINE" missed="7" covered="6"/><counter type="COMPLEXITY" missed="4" covered="2"/><counter type="METHOD" missed="4" covered="2"/><counter type="CLASS" missed="0" covered="1"/></sourcefile><sourcefile name="Service.java"><line nr="37" mi="0" ci="2" mb="0" cb="0"/><line nr="38" mi="0" ci="6" mb="0" cb="0"/><line nr="39" mi="0" ci="4" mb="0" cb="0"/><line nr="40" mi="0" ci="7" mb="0" cb="0"/><line nr="41" mi="0" ci="1" mb="0" cb="0"/><line nr="46" mi="3" ci="0" mb="0" cb="0"/><line nr="51" mi="3" ci="0" mb="0" cb="0"/><line nr="56" mi="3" ci="0" mb="0" cb="0"/><line nr="62" mi="3" ci="0" mb="0" cb="0"/><line nr="63" mi="4" ci="0" mb="0" cb="0"/><line nr="64" mi="1" ci="0" mb="0" cb="0"/><line nr="70" mi="0" ci="16" mb="0" cb="0"/><counter type="INSTRUCTION" missed="17" covered="36"/><counter type="LINE" missed="6" covered="6"/><counter type="COMPLEXITY" missed="4" covered="2"/><counter type="METHOD" missed="4" covered="2"/><counter type="CLASS" missed="0" covered="1"/></sourcefile><sourcefile name="TypeAnnotation.java"><line nr="33" mi="0" ci="2" mb="0" cb="0"/><line nr="34" mi="0" ci="6" mb="0" cb="0"/><line nr="35" mi="0" ci="6" mb="0" cb="0"/><line nr="36" mi="0" ci="1" mb="0" cb="0"/><line nr="40" mi="3" ci="0" mb="0" cb="0"/><line nr="45" mi="3" ci="0" mb="0" cb="0"/><line nr="51" mi="12" ci="0" mb="0" cb="0"/><line nr="60" mi="3" ci="0" mb="0" cb="0"/><line nr="61" mi="1" ci="0" mb="0" cb="0"/><counter type="INSTRUCTION" missed="22" covered="15"/><counter type="LINE" missed="5" covered="4"/><counter type="COMPLEXITY" missed="4" covered="1"/><counter type="METHOD" missed="4" covered="1"/><counter type="CLASS" missed="0" covered="1"/></sourcefile><sourcefile name="ConstIdentifier.java"><line nr="28" mi="0" ci="2" mb="0" cb="0"/><line nr="29" mi="0" ci="6" mb="0" cb="0"/><line nr="30" mi="0" ci="1" mb="0" cb="0"/><line nr="35" mi="3" ci="0" mb="0" cb="0"/><line nr="41" mi="8" ci="0" mb="0" cb="0"/><counter type="INSTRUCTION" missed="11" covered="9"/><counter type="LINE" missed="2" covered="3"/><counter type="COMPLEXITY" missed="2" covered="1"/><counter type="METHOD" missed="2" covered="1"/><counter type="CLASS" missed="0" covered="1"/></sourcefile><sourcefile name="ListType.java"><line nr="31" mi="0" ci="4" mb="0" cb="0"/><line nr="32" mi="0" ci="6" mb="0" cb="0"/><line nr="33" mi="0" ci="1" mb="0" cb="0"/><line nr="37" mi="3" ci="0" mb="0" cb="0"/><line nr="43" mi="0" ci="16" mb="0" cb="0"/><counter type="INSTRUCTION" missed="3" covered="27"/><counter type="LINE" missed="1" covered="4"/><counter type="COMPLEXITY" missed="1" covered="2"/><counter type="METHOD" missed="1" covered="2"/><counter type="CLASS" missed="0" covered="1"/></sourcefile><sourcefile name="StringEnum.java"><line nr="32" mi="0" ci="2" mb="0" cb="0"/><line nr="33" mi="0" ci="6" mb="0" cb="0"/><line nr="34" mi="0" ci="7" mb="0" cb="0"/><line nr="35" mi="0" ci="1" mb="0" cb="0"/><line nr="40" mi="3" ci="0" mb="0" cb="0"/><line nr="45" mi="3" ci="0" mb="0" cb="0"/><line nr="51" mi="12" ci="0" mb="0" cb="0"/><counter type="INSTRUCTION" missed="18" covered="16"/><counter type="LINE" missed="3" covered="4"/><counter type="COMPLEXITY" missed="3" covered="1"/><counter type="METHOD" missed="3" covered="1"/><counter type="CLASS" missed="0" covered="1"/></sourcefile><sourcefile name="Header.java"><line nr="34" mi="0" ci="2" mb="0" cb="0"/><line nr="35" mi="0" ci="7" mb="0" cb="0"/><line nr="36" mi="0" ci="7" mb="0" cb="0"/><line nr="37" mi="0" ci="7" mb="0" cb="0"/><line nr="38" mi="0" ci="1" mb="0" cb="0"/><line nr="42" mi="3" ci="0" mb="0" cb="0"/><line nr="47" mi="6" ci="0" mb="0" cb="0"/><line nr="52" mi="3" ci="0" mb="0" cb="0"/><line nr="57" mi="3" ci="0" mb="0" cb="0"/><line nr="63" mi="0" ci="16" mb="0" cb="0"/><counter type="INSTRUCTION" missed="15" covered="40"/><counter type="LINE" missed="4" covered="6"/><counter type="COMPLEXITY" missed="4" covered="2"/><counter type="METHOD" missed="4" covered="2"/><counter type="CLASS" missed="0" covered="1"/></sourcefile><sourcefile name="ThriftField.java"><line nr="30" mi="9" ci="21" mb="0" cb="0"/><line nr="32" mi="0" ci="18" mb="0" cb="0"/><line nr="49" mi="0" ci="2" mb="0" cb="0"/><line nr="50" mi="0" ci="6" mb="0" cb="0"/><line nr="51" mi="0" ci="6" mb="0" cb="0"/><line nr="52" mi="0" ci="4" mb="0" cb="0"/><line nr="53" mi="0" ci="6" mb="0" cb="0"/><line nr="54" mi="0" ci="4" mb="0" cb="0"/><line nr="55" mi="0" ci="6" mb="0" cb="0"/><line nr="56" mi="0" ci="1" mb="0" cb="0"/><line nr="60" mi="3" ci="0" mb="0" cb="0"/><line nr="65" mi="3" ci="0" mb="0" cb="0"/><line nr="70" mi="3" ci="0" mb="0" cb="0"/><line nr="75" mi="3" ci="0" mb="0" cb="0"/><line nr="80" mi="3" ci="0" mb="0" cb="0"/><line nr="85" mi="3" ci="0" mb="0" cb="0"/><line nr="91" mi="0" ci="28" mb="0" cb="0"/><line nr="105" mi="3" ci="0" mb="0" cb="0"/><line nr="106" mi="1" ci="0" mb="0" cb="0"/><counter type="INSTRUCTION" missed="31" covered="102"/><counter type="LINE" missed="8" covered="11"/><counter type="COMPLEXITY" missed="9" covered="4"/><counter type="METHOD" missed="9" covered="4"/><counter type="CLASS" missed="0" covered="2"/></sourcefile><sourcefile name="Definition.java"><line nr="24" mi="0" ci="3" mb="0" cb="0"/><line nr="29" mi="3" ci="0" mb="0" cb="0"/><line nr="30" mi="1" ci="0" mb="0" cb="0"/><counter type="INSTRUCTION" missed="4" covered="3"/><counter type="LINE" missed="2" covered="1"/><counter type="COMPLEXITY" missed="1" covered="1"/><counter type="METHOD" missed="1" covered="1"/><counter type="CLASS" missed="0" covered="1"/></sourcefile><sourcefile name="IntegerEnumField.java"><line nr="29" mi="0" ci="2" mb="0" cb="0"/><line nr="30" mi="0" ci="6" mb="0" cb="0"/><line nr="31" mi="0" ci="4" mb="0" cb="0"/><line nr="32" mi="0" ci="1" mb="0" cb="0"/><line nr="36" mi="3" ci="0" mb="0" cb="0"/><line nr="41" mi="3" ci="0" mb="0" cb="0"/><line nr="47" mi="0" ci="12" mb="0" cb="0"/><counter type="INSTRUCTION" missed="6" covered="25"/><counter type="LINE" missed="2" covered="5"/><counter type="COMPLEXITY" missed="2" covered="2"/><counter type="METHOD" missed="2" covered="2"/><counter type="CLASS" missed="0" covered="1"/></sourcefile><sourcefile name="ThriftException.java"><line nr="28" mi="0" ci="5" mb="0" cb="0"/><line nr="29" mi="0" ci="1" mb="0" cb="0"/><counter type="INSTRUCTION" missed="0" covered="6"/><counter type="LINE" missed="0" covered="2"/><counter type="COMPLEXITY" missed="0" covered="1"/><counter type="METHOD" missed="0" covered="1"/><counter type="CLASS" missed="0" covered="1"/></sourcefile><sourcefile name="Struct.java"><line nr="25" mi="0" ci="5" mb="0" cb="0"/><line nr="26" mi="0" ci="1" mb="0" cb="0"/><counter type="INSTRUCTION" missed="0" covered="6"/><counter type="LINE" missed="0" covered="2"/><counter type="COMPLEXITY" missed="0" covered="1"/><counter type="METHOD" missed="0" covered="1"/><counter type="CLASS" missed="0" covered="1"/></sourcefile><sourcefile name="ConstMap.java"><line nr="31" mi="0" ci="2" mb="0" cb="0"/><line nr="32" mi="0" ci="7" mb="0" cb="0"/><line nr="33" mi="0" ci="1" mb="0" cb="0"/><line nr="38" mi="3" ci="0" mb="0" cb="0"/><line nr="44" mi="8" ci="0" mb="0" cb="0"/><counter type="INSTRUCTION" missed="11" covered="10"/><counter type="LINE" missed="2" covered="3"/><counter type="COMPLEXITY" missed="2" covered="1"/><counter type="METHOD" missed="2" covered="1"/><counter type="CLASS" missed="0" covered="1"/></sourcefile><sourcefile name="IdentifierType.java"><line nr="28" mi="0" ci="2" mb="0" cb="0"/><line nr="29" mi="0" ci="6" mb="0" cb="0"/><line nr="30" mi="0" ci="1" mb="0" cb="0"/><line nr="34" mi="3" ci="0" mb="0" cb="0"/><line nr="40" mi="0" ci="8" mb="0" cb="0"/><counter type="INSTRUCTION" missed="3" covered="17"/><counter type="LINE" missed="1" covered="4"/><counter type="COMPLEXITY" missed="1" covered="2"/><counter type="METHOD" missed="1" covered="2"/><counter type="CLASS" missed="0" covered="1"/></sourcefile><sourcefile name="Union.java"><line nr="25" mi="0" ci="5" mb="0" cb="0"/><line nr="26" mi="0" ci="1" mb="0" cb="0"/><counter type="INSTRUCTION" missed="0" covered="6"/><counter type="LINE" missed="0" covered="2"/><counter type="COMPLEXITY" missed="0" covered="1"/><counter type="METHOD" missed="0" covered="1"/><counter type="CLASS" missed="0" covered="1"/></sourcefile><sourcefile name="BaseType.java"><line nr="28" mi="9" ci="41" mb="0" cb="0"/><line nr="30" mi="0" ci="48" mb="0" cb="0"/><line nr="37" mi="0" ci="2" mb="0" cb="0"/><line nr="38" mi="0" ci="6" mb="0" cb="0"/><line nr="39" mi="0" ci="7" mb="0" cb="0"/><line nr="40" mi="0" ci="1" mb="0" cb="0"/><line nr="45" mi="3" ci="0" mb="0" cb="0"/><line nr="50" mi="3" ci="0" mb="0" cb="0"/><line nr="56" mi="0" ci="12" mb="0" cb="0"/><counter type="INSTRUCTION" missed="15" covered="117"/><counter type="LINE" missed="2" covered="7"/><counter type="COMPLEXITY" missed="4" covered="4"/><counter type="METHOD" missed="4" covered="4"/><counter type="CLASS" missed="0" covered="2"/></sourcefile><sourcefile name="ConstInteger.java"><line nr="26" mi="0" ci="2" mb="0" cb="0"/><line nr="27" mi="0" ci="3" mb="0" cb="0"/><line nr="28" mi="0" ci="1" mb="0" cb="0"/><line nr="33" mi="4" ci="0" mb="0" cb="0"/><line nr="39" mi="0" ci="8" mb="0" cb="0"/><counter type="INSTRUCTION" missed="4" covered="14"/><counter type="LINE" missed="1" covered="4"/><counter type="COMPLEXITY" missed="1" covered="2"/><counter type="METHOD" missed="1" covered="2"/><counter type="CLASS" missed="0" covered="1"/></sourcefile><sourcefile name="Typedef.java"><line nr="30" mi="0" ci="2" mb="0" cb="0"/><line nr="31" mi="0" ci="6" mb="0" cb="0"/><line nr="32" mi="0" ci="6" mb="0" cb="0"/><line nr="33" mi="0" ci="1" mb="0" cb="0"/><line nr="38" mi="3" ci="0" mb="0" cb="0"/><line nr="43" mi="3" ci="0" mb="0" cb="0"/><line nr="49" mi="0" ci="12" mb="0" cb="0"/><counter type="INSTRUCTION" missed="6" covered="27"/><counter type="LINE" missed="2" covered="5"/><counter type="COMPLEXITY" missed="2" covered="2"/><counter type="METHOD" missed="2" covered="2"/><counter type="CLASS" missed="0" covered="1"/></sourcefile><sourcefile name="IntegerEnum.java"><line nr="32" mi="0" ci="2" mb="0" cb="0"/><line nr="33" mi="0" ci="6" mb="0" cb="0"/><line nr="34" mi="0" ci="7" mb="0" cb="0"/><line nr="35" mi="0" ci="1" mb="0" cb="0"/><line nr="40" mi="3" ci="0" mb="0" cb="0"/><line nr="45" mi="3" ci="0" mb="0" cb="0"/><line nr="51" mi="0" ci="12" mb="0" cb="0"/><counter type="INSTRUCTION" missed="6" covered="28"/><counter type="LINE" missed="2" covered="5"/><counter type="COMPLEXITY" missed="2" covered="2"/><counter type="METHOD" missed="2" covered="2"/><counter type="CLASS" missed="0" covered="1"/></sourcefile><sourcefile name="ConstValue.java"><line nr="18" mi="0" ci="3" mb="0" cb="0"/><counter type="INSTRUCTION" missed="0" covered="3"/><counter type="LINE" missed="0" covered="1"/><counter type="COMPLEXITY" missed="0" covered="1"/><counter type="METHOD" missed="0" covered="1"/><counter type="CLASS" missed="0" covered="1"/></sourcefile><sourcefile name="MapType.java"><line nr="32" mi="0" ci="4" mb="0" cb="0"/><line nr="33" mi="0" ci="6" mb="0" cb="0"/><line nr="34" mi="0" ci="6" mb="0" cb="0"/><line nr="35" mi="0" ci="1" mb="0" cb="0"/><line nr="39" mi="3" ci="0" mb="0" cb="0"/><line nr="44" mi="3" ci="0" mb="0" cb="0"/><line nr="50" mi="0" ci="20" mb="0" cb="0"/><counter type="INSTRUCTION" missed="6" covered="37"/><counter type="LINE" missed="2" covered="5"/><counter type="COMPLEXITY" missed="2" covered="2"/><counter type="METHOD" missed="2" covered="2"/><counter type="CLASS" missed="0" covered="1"/></sourcefile><sourcefile name="ConstList.java"><line nr="31" mi="0" ci="2" mb="0" cb="0"/><line nr="32" mi="0" ci="7" mb="0" cb="0"/><line nr="33" mi="0" ci="1" mb="0" cb="0"/><line nr="38" mi="3" ci="0" mb="0" cb="0"/><line nr="44" mi="8" ci="0" mb="0" cb="0"/><counter type="INSTRUCTION" missed="11" covered="10"/><counter type="LINE" missed="2" covered="3"/><counter type="COMPLEXITY" missed="2" covered="1"/><counter type="METHOD" missed="2" covered="1"/><counter type="CLASS" missed="0" covered="1"/></sourcefile><sourcefile name="Document.java"><line nr="37" mi="0" ci="2" mb="0" cb="0"/><line nr="38" mi="0" ci="6" mb="0" cb="0"/><line nr="39" mi="0" ci="7" mb="0" cb="0"/><line nr="40" mi="0" ci="1" mb="0" cb="0"/><line nr="44" mi="3" ci="0" mb="0" cb="0"/><line nr="49" mi="3" ci="0" mb="0" cb="0"/><line nr="54" mi="4" ci="0" mb="0" cb="0"/><line nr="56" mi="11" ci="0" mb="2" cb="0"/><line nr="57" mi="4" ci="0" mb="2" cb="0"/><line nr="58" mi="3" ci="0" mb="0" cb="0"/><line nr="60" mi="1" ci="0" mb="0" cb="0"/><line nr="61" mi="1" ci="0" mb="0" cb="0"/><line nr="67" mi="0" ci="12" mb="0" cb="0"/><line nr="75" mi="0" ci="2" mb="0" cb="0"/><line nr="76" mi="0" ci="2" mb="0" cb="0"/><line nr="77" mi="0" ci="2" mb="0" cb="0"/><line nr="78" mi="0" ci="7" mb="0" cb="0"/><line nr="79" mi="0" ci="2" mb="0" cb="0"/><line nr="80" mi="0" ci="6" mb="0" cb="0"/><counter type="INSTRUCTION" missed="30" covered="49"/><counter type="BRANCH" missed="4" covered="0"/><counter type="LINE" missed="8" covered="11"/><counter type="COMPLEXITY" missed="5" covered="3"/><counter type="METHOD" missed="3" covered="3"/><counter type="CLASS" missed="0" covered="1"/></sourcefile><sourcefile name="SetType.java"><line nr="31" mi="0" ci="4" mb="0" cb="0"/><line nr="32" mi="0" ci="6" mb="0" cb="0"/><line nr="33" mi="0" ci="1" mb="0" cb="0"/><line nr="37" mi="3" ci="0" mb="0" cb="0"/><line nr="43" mi="16" ci="0" mb="0" cb="0"/><counter type="INSTRUCTION" missed="19" covered="11"/><counter type="LINE" missed="2" covered="3"/><counter type="COMPLEXITY" missed="2" covered="1"/><counter type="METHOD" missed="2" covered="1"/><counter type="CLASS" missed="0" covered="1"/></sourcefile><sourcefile name="ThriftType.java"><line nr="18" mi="0" ci="3" mb="0" cb="0"/><counter type="INSTRUCTION" missed="0" covered="3"/><counter type="LINE" missed="0" covered="1"/><counter type="COMPLEXITY" missed="0" covered="1"/><counter type="METHOD" missed="0" covered="1"/><counter type="CLASS" missed="0" covered="1"/></sourcefile><counter type="INSTRUCTION" missed="327" covered="788"/><counter type="BRANCH" missed="4" covered="0"/><counter type="LINE" missed="81" covered="135"/><counter type="COMPLEXITY" missed="73" covered="52"/><counter type="METHOD" missed="71" covered="52"/><counter type="CLASS" missed="0" covered="33"/></package><package name="com/facebook/swift/parser/antlr"><class name="com/facebook/swift/parser/antlr/ThriftLexer"><method name="getDelegates" desc="()[Lorg/antlr/runtime/Lexer;" line="101"><counter type="INSTRUCTION" missed="3" covered="0"/><counter type="LINE" missed="1" covered="0"/><counter type="COMPLEXITY" missed="1" covered="0"/><counter type="METHOD" missed="1" covered="0"/></method><method name="&lt;init&gt;" desc="()V" line="104"><counter type="INSTRUCTION" missed="10" covered="0"/><counter type="LINE" missed="2" covered="0"/><counter type="COMPLEXITY" missed="1" covered="0"/><counter type="METHOD" missed="1" covered="0"/></method><method name="&lt;init&gt;" desc="(Lorg/antlr/runtime/CharStream;)V" line="106"><counter type="INSTRUCTION" missed="0" covered="7"/><counter type="LINE" missed="0" covered="2"/><counter type="COMPLEXITY" missed="0" covered="1"/><counter type="METHOD" missed="0" covered="1"/></method><method name="&lt;init&gt;" desc="(Lorg/antlr/runtime/CharStream;Lorg/antlr/runtime/RecognizerSharedState;)V" line="109"><counter type="INSTRUCTION" missed="0" covered="12"/><counter type="LINE" missed="0" covered="3"/><counter type="COMPLEXITY" missed="0" covered="1"/><counter type="METHOD" missed="0" covered="1"/></method><method name="getGrammarFileName" desc="()Ljava/lang/String;" line="111"><counter type="INSTRUCTION" missed="2" covered="0"/><counter type="LINE" missed="1" covered="0"/><counter type="COMPLEXITY" missed="1" covered="0"/><counter type="METHOD" missed="1" covered="0"/></method><method name="mT__52" desc="()V" line="116"><counter type="INSTRUCTION" missed="3" covered="17"/><counter type="LINE" missed="1" covered="7"/><counter type="COMPLEXITY" missed="0" covered="1"/><counter type="METHOD" missed="0" covered="1"/></method><method name="mT__53" desc="()V" line="137"><counter type="INSTRUCTION" missed="3" covered="17"/><counter type="LINE" missed="1" covered="7"/><counter type="COMPLEXITY" missed="0" covered="1"/><counter type="METHOD" missed="0" covered="1"/></method><method name="mT__54" desc="()V" line="158"><counter type="INSTRUCTION" missed="3" covered="17"/><counter type="LINE" missed="1" covered="7"/><counter type="COMPLEXITY" missed="0" covered="1"/><counter type="METHOD" missed="0" covered="1"/></method><method name="mT__55" desc="()V" line="179"><counter type="INSTRUCTION" missed="3" covered="17"/><counter type="LINE" missed="1" covered="7"/><counter type="COMPLEXITY" missed="0" covered="1"/><counter type="METHOD" missed="0" covered="1"/></method><method name="mT__56" desc="()V" line="200"><counter type="INSTRUCTION" missed="3" covered="17"/><counter type="LINE" missed="1" covered="7"/><counter type="COMPLEXITY" missed="0" covered="1"/><counter type="METHOD" missed="0" covered="1"/></method><method name="mT__57" desc="()V" line="221"><counter type="INSTRUCTION" missed="3" covered="17"/><counter type="LINE" missed="1" covered="7"/><counter type="COMPLEXITY" missed="0" covered="1"/><counter type="METHOD" missed="0" covered="1"/></method><method name="mT__58" desc="()V" line="242"><counter type="INSTRUCTION" missed="3" covered="17"/><counter type="LINE" missed="1" covered="7"/><counter type="COMPLEXITY" missed="0" covered="1"/><counter type="METHOD" missed="0" covered="1"/></method><method name="mT__59" desc="()V" line="263"><counter type="INSTRUCTION" missed="3" covered="17"/><counter type="LINE" missed="1" covered="7"/><counter type="COMPLEXITY" missed="0" covered="1"/><counter type="METHOD" missed="0" covered="1"/></method><method name="mT__60" desc="()V" line="284"><counter type="INSTRUCTION" missed="3" covered="17"/><counter type="LINE" missed="1" covered="7"/><counter type="COMPLEXITY" missed="0" covered="1"/><counter type="METHOD" missed="0" covered="1"/></method><method name="mT__61" desc="()V" line="305"><counter type="INSTRUCTION" missed="20" covered="0"/><counter type="LINE" missed="8" covered="0"/><counter type="COMPLEXITY" missed="1" covered="0"/><counter type="METHOD" missed="1" covered="0"/></method><method name="mT__62" desc="()V" line="328"><counter type="INSTRUCTION" missed="3" covered="17"/><counter type="LINE" missed="1" covered="7"/><counter type="COMPLEXITY" missed="0" covered="1"/><counter type="METHOD" missed="0" covered="1"/></method><method name="mT__63" desc="()V" line="351"><counter type="INSTRUCTION" missed="20" covered="0"/><counter type="LINE" missed="8" covered="0"/><counter type="COMPLEXITY" missed="1" covered="0"/><counter type="METHOD" missed="1" covered="0"/></method><method name="mT__64" desc="()V" line="374"><counter type="INSTRUCTION" missed="20" covered="0"/><counter type="LINE" missed="8" covered="0"/><counter type="COMPLEXITY" missed="1" covered="0"/><counter type="METHOD" missed="1" covered="0"/></method><method name="mT__65" desc="()V" line="397"><counter type="INSTRUCTION" missed="20" covered="0"/><counter type="LINE" missed="8" covered="0"/><counter type="COMPLEXITY" missed="1" covered="0"/><counter type="METHOD" missed="1" covered="0"/></method><method name="mT__66" desc="()V" line="420"><counter type="INSTRUCTION" missed="3" covered="17"/><counter type="LINE" missed="1" covered="7"/><counter type="COMPLEXITY" missed="0" covered="1"/><counter type="METHOD" missed="0" covered="1"/></method><method name="mT__67" desc="()V" line="443"><counter type="INSTRUCTION" missed="3" covered="17"/><counter type="LINE" missed="1" covered="7"/><counter type="COMPLEXITY" missed="0" covered="1"/><counter type="METHOD" missed="0" covered="1"/></method><method name="mT__68" desc="()V" line="466"><counter type="INSTRUCTION" missed="3" covered="17"/><counter type="LINE" missed="1" covered="7"/><counter type="COMPLEXITY" missed="0" covered="1"/><counter type="METHOD" missed="0" covered="1"/></method><method name="mT__69" desc="()V" line="489"><counter type="INSTRUCTION" missed="3" covered="17"/><counter type="LINE" missed="1" covered="7"/><counter type="COMPLEXITY" missed="0" covered="1"/><counter type="METHOD" missed="0" covered="1"/></method><method name="mT__70" desc="()V" line="512"><counter type="INSTRUCTION" missed="3" covered="17"/><counter type="LINE" missed="1" covered="7"/><counter type="COMPLEXITY" missed="0" covered="1"/><counter type="METHOD" missed="0" covered="1"/></method><method name="mT__71" desc="()V" line="535"><counter type="INSTRUCTION" missed="3" covered="17"/><counter type="LINE" missed="1" covered="7"/><counter type="COMPLEXITY" missed="0" covered="1"/><counter type="METHOD" missed="0" covered="1"/></method><method name="mT__72" desc="()V" line="558"><counter type="INSTRUCTION" missed="3" covered="17"/><counter type="LINE" missed="1" covered="7"/><counter type="COMPLEXITY" missed="0" covered="1"/><counter type="METHOD" missed="0" covered="1"/></method><method name="mT__73" desc="()V" line="581"><counter type="INSTRUCTION" missed="3" covered="17"/><counter type="LINE" missed="1" covered="7"/><counter type="COMPLEXITY" missed="0" covered="1"/><counter type="METHOD" missed="0" covered="1"/></method><method name="mT__74" desc="()V" line="604"><counter type="INSTRUCTION" missed="3" covered="17"/><counter type="LINE" missed="1" covered="7"/><counter type="COMPLEXITY" missed="0" covered="1"/><counter type="METHOD" missed="0" covered="1"/></method><method name="mT__75" desc="()V" line="627"><counter type="INSTRUCTION" missed="20" covered="0"/><counter type="LINE" missed="8" covered="0"/><counter type="COMPLEXITY" missed="1" covered="0"/><counter type="METHOD" missed="1" covered="0"/></method><method name="mT__76" desc="()V" line="650"><counter type="INSTRUCTION" missed="3" covered="17"/><counter type="LINE" missed="1" covered="7"/><counter type="COMPLEXITY" missed="0" covered="1"/><counter type="METHOD" missed="0" covered="1"/></method><method name="mT__77" desc="()V" line="673"><counter type="INSTRUCTION" missed="3" covered="17"/><counter type="LINE" missed="1" covered="7"/><counter type="COMPLEXITY" missed="0" covered="1"/><counter type="METHOD" missed="0" covered="1"/></method><method name="mT__78" desc="()V" line="696"><counter type="INSTRUCTION" missed="3" covered="17"/><counter type="LINE" missed="1" covered="7"/><counter type="COMPLEXITY" missed="0" covered="1"/><counter type="METHOD" missed="0" covered="1"/></method><method name="mT__79" desc="()V" line="719"><counter type="INSTRUCTION" missed="3" covered="17"/><counter type="LINE" missed="1" covered="7"/><counter type="COMPLEXITY" missed="0" covered="1"/><counter type="METHOD" missed="0" covered="1"/></method><method name="mT__80" desc="()V" line="742"><counter type="INSTRUCTION" missed="3" covered="17"/><counter type="LINE" missed="1" covered="7"/><counter type="COMPLEXITY" missed="0" covered="1"/><counter type="METHOD" missed="0" covered="1"/></method><method name="mT__81" desc="()V" line="765"><counter type="INSTRUCTION" missed="3" covered="17"/><counter type="LINE" missed="1" covered="7"/><counter type="COMPLEXITY" missed="0" covered="1"/><counter type="METHOD" missed="0" covered="1"/></method><method name="mT__82" desc="()V" line="788"><counter type="INSTRUCTION" missed="3" covered="17"/><counter type="LINE" missed="1" covered="7"/><counter type="COMPLEXITY" missed="0" covered="1"/><counter type="METHOD" missed="0" covered="1"/></method><method name="mT__83" desc="()V" line="811"><counter type="INSTRUCTION" missed="3" covered="17"/><counter type="LINE" missed="1" covered="7"/><counter type="COMPLEXITY" missed="0" covered="1"/><counter type="METHOD" missed="0" covered="1"/></method><method name="mT__84" desc="()V" line="834"><counter type="INSTRUCTION" missed="3" covered="17"/><counter type="LINE" missed="1" covered="7"/><counter type="COMPLEXITY" missed="0" covered="1"/><counter type="METHOD" missed="0" covered="1"/></method><method name="mT__85" desc="()V" line="857"><counter type="INSTRUCTION" missed="3" covered="17"/><counter type="LINE" missed="1" covered="7"/><counter type="COMPLEXITY" missed="0" covered="1"/><counter type="METHOD" missed="0" covered="1"/></method><method name="mT__86" desc="()V" line="878"><counter type="INSTRUCTION" missed="3" covered="17"/><counter type="LINE" missed="1" covered="7"/><counter type="COMPLEXITY" missed="0" covered="1"/><counter type="METHOD" missed="0" covered="1"/></method><method name="mINTEGER" desc="()V" line="899"><counter type="INSTRUCTION" missed="36" covered="76"/><counter type="BRANCH" missed="5" covered="13"/><counter type="LINE" missed="9" covered="22"/><counter type="COMPLEXITY" missed="5" covered="5"/><counter type="METHOD" missed="0" covered="1"/></method><method name="mHEX_INTEGER" desc="()V" line="999"><counter type="INSTRUCTION" missed="24" covered="76"/><counter type="BRANCH" missed="5" covered="13"/><counter type="LINE" missed="6" covered="17"/><counter type="COMPLEXITY" missed="5" covered="5"/><counter type="METHOD" missed="0" covered="1"/></method><method name="mDOUBLE" desc="()V" line="1084"><counter type="INSTRUCTION" missed="80" covered="128"/><counter type="BRANCH" missed="15" covered="23"/><counter type="LINE" missed="19" covered="38"/><counter type="COMPLEXITY" missed="13" covered="7"/><counter type="METHOD" missed="0" covered="1"/></method><method name="mTYPE_BOOL" desc="()V" line="1285"><counter type="INSTRUCTION" missed="3" covered="17"/><counter type="LINE" missed="1" covered="7"/><counter type="COMPLEXITY" missed="0" covered="1"/><counter type="METHOD" missed="0" covered="1"/></method><method name="mTYPE_BYTE" desc="()V" line="1308"><counter type="INSTRUCTION" missed="3" covered="17"/><counter type="LINE" missed="1" covered="7"/><counter type="COMPLEXITY" missed="0" covered="1"/><counter type="METHOD" missed="0" covered="1"/></method><method name="mTYPE_I16" desc="()V" line="1331"><counter type="INSTRUCTION" missed="3" covered="17"/><counter type="LINE" missed="1" covered="7"/><counter type="COMPLEXITY" missed="0" covered="1"/><counter type="METHOD" missed="0" covered="1"/></method><method name="mTYPE_I32" desc="()V" line="1354"><counter type="INSTRUCTION" missed="3" covered="17"/><counter type="LINE" missed="1" covered="7"/><counter type="COMPLEXITY" missed="0" covered="1"/><counter type="METHOD" missed="0" covered="1"/></method><method name="mTYPE_I64" desc="()V" line="1377"><counter type="INSTRUCTION" missed="3" covered="17"/><counter type="LINE" missed="1" covered="7"/><counter type="COMPLEXITY" missed="0" covered="1"/><counter type="METHOD" missed="0" covered="1"/></method><method name="mTYPE_DOUBLE" desc="()V" line="1400"><counter type="INSTRUCTION" missed="3" covered="17"/><counter type="LINE" missed="1" covered="7"/><counter type="COMPLEXITY" missed="0" covered="1"/><counter type="METHOD" missed="0" covered="1"/></method><method name="mTYPE_STRING" desc="()V" line="1423"><counter type="INSTRUCTION" missed="3" covered="17"/><counter type="LINE" missed="1" covered="7"/><counter type="COMPLEXITY" missed="0" covered="1"/><counter type="METHOD" missed="0" covered="1"/></method><method name="mTYPE_BINARY" desc="()V" line="1446"><counter type="INSTRUCTION" missed="3" covered="17"/><counter type="LINE" missed="1" covered="7"/><counter type="COMPLEXITY" missed="0" covered="1"/><counter type="METHOD" missed="0" covered="1"/></method><method name="mLITERAL" desc="()V" line="1469"><counter type="INSTRUCTION" missed="38" covered="155"/><counter type="BRANCH" missed="14" covered="28"/><counter type="LINE" missed="9" covered="37"/><counter type="COMPLEXITY" missed="14" covered="9"/><counter type="METHOD" missed="0" covered="1"/></method><method name="mIDENTIFIER" desc="()V" line="1614"><counter type="INSTRUCTION" missed="27" covered="113"/><counter type="BRANCH" missed="8" covered="22"/><counter type="LINE" missed="7" covered="16"/><counter type="COMPLEXITY" missed="8" covered="8"/><counter type="METHOD" missed="0" covered="1"/></method><method name="mCOMMA" desc="()V" line="1742"><counter type="INSTRUCTION" missed="3" covered="17"/><counter type="LINE" missed="1" covered="7"/><counter type="COMPLEXITY" missed="0" covered="1"/><counter type="METHOD" missed="0" covered="1"/></method><method name="mLETTER" desc="()V" line="1766"><counter type="INSTRUCTION" missed="45" covered="0"/><counter type="BRANCH" missed="8" covered="0"/><counter type="LINE" missed="8" covered="0"/><counter type="COMPLEXITY" missed="5" covered="0"/><counter type="METHOD" missed="1" covered="0"/></method><method name="mDIGIT" desc="()V" line="1792"><counter type="INSTRUCTION" missed="33" covered="0"/><counter type="BRANCH" missed="4" covered="0"/><counter type="LINE" missed="8" covered="0"/><counter type="COMPLEXITY" missed="3" covered="0"/><counter type="METHOD" missed="1" covered="0"/></method><method name="mHEX_DIGIT" desc="()V" line="1818"><counter type="INSTRUCTION" missed="57" covered="0"/><counter type="BRANCH" missed="12" covered="0"/><counter type="LINE" missed="8" covered="0"/><counter type="COMPLEXITY" missed="7" covered="0"/><counter type="METHOD" missed="1" covered="0"/></method><method name="mWS" desc="()V" line="1841"><counter type="INSTRUCTION" missed="22" covered="53"/><counter type="BRANCH" missed="3" covered="9"/><counter type="LINE" missed="8" covered="25"/><counter type="COMPLEXITY" missed="3" covered="7"/><counter type="METHOD" missed="0" covered="1"/></method><method name="mCOMMENT" desc="()V" line="1933"><counter type="INSTRUCTION" missed="48" covered="177"/><counter type="BRANCH" missed="18" covered="37"/
[...]
<line nr="4623" mi="0" ci="6" mb="0" cb="0"/><line nr="4627" mi="0" ci="2" mb="0" cb="0"/><line nr="4628" mi="0" ci="5" mb="1" cb="1"/><line nr="4631" mi="2" ci="0" mb="0" cb="0"/><line nr="4636" mi="0" ci="2" mb="1" cb="1"/><line nr="4640" mi="6" ci="0" mb="0" cb="0"/><line nr="4641" mi="3" ci="0" mb="0" cb="0"/><line nr="4642" mi="3" ci="0" mb="0" cb="0"/><line nr="4644" mi="7" ci="0" mb="0" cb="0"/><line nr="4646" mi="6" ci="0" mb="0" cb="0"/><line nr="4655" mi="0" ci="7" mb="0" cb="0"/><line nr="4656" mi="0" ci="5" mb="0" cb="0"/><line nr="4657" mi="0" ci="2" mb="0" cb="0"/><line nr="4661" mi="0" ci="6" mb="0" cb="0"/><line nr="4662" mi="0" ci="3" mb="0" cb="0"/><line nr="4663" mi="0" ci="3" mb="0" cb="0"/><line nr="4665" mi="0" ci="7" mb="0" cb="0"/><line nr="4667" mi="0" ci="6" mb="0" cb="0"/><line nr="4670" mi="6" ci="23" mb="4" cb="4"/><line nr="4673" mi="0" ci="1" mb="0" cb="0"/><line nr="4677" mi="0" ci="5" mb="0" cb="0"/><line nr="4680" mi="0" ci="6" mb="0" cb="0"/><line nr="4682" mi="0" ci="2" mb="0" cb="0"/><line nr="4683" mi="0" ci="2" mb="0" cb="0"/><line nr="4684" mi="0" ci="5" mb="0" cb="0"/><line nr="4685" mi="0" ci="6" mb="0" cb="0"/><line nr="4686" mi="0" ci="8" mb="0" cb="0"/><line nr="4687" mi="0" ci="6" mb="0" cb="0"/><line nr="4690" mi="0" ci="7" mb="0" cb="0"/><line nr="4693" mi="0" ci="7" mb="0" cb="0"/><line nr="4694" mi="0" ci="6" mb="0" cb="0"/><line nr="4695" mi="0" ci="3" mb="0" cb="0"/><line nr="4696" mi="0" ci="3" mb="0" cb="0"/><line nr="4698" mi="0" ci="7" mb="0" cb="0"/><line nr="4700" mi="0" ci="6" mb="0" cb="0"/><line nr="4704" mi="0" ci="2" mb="0" cb="0"/><line nr="4705" mi="0" ci="5" mb="1" cb="1"/><line nr="4708" mi="2" ci="0" mb="0" cb="0"/><line nr="4713" mi="0" ci="2" mb="1" cb="1"/><line nr="4717" mi="6" ci="0" mb="0" cb="0"/><line nr="4718" mi="3" ci="0" mb="0" cb="0"/><line nr="4719" mi="3" ci="0" mb="0" cb="0"/><line nr="4721" mi="7" ci="0" mb="0" cb="0"/><line nr="4723" mi="6" ci="0" mb="0" cb="0"/><line nr="4732" mi="0" ci="7" mb="0" cb="0"/><line nr="4733" mi="0" ci="5" mb="0" cb="0"/><line nr="4734" mi="0" ci="2" mb="0" cb="0"/><line nr="4738" mi="0" ci="6" mb="0" cb="0"/><line nr="4739" mi="0" ci="3" mb="0" cb="0"/><line nr="4740" mi="0" ci="3" mb="0" cb="0"/><line nr="4742" mi="0" ci="7" mb="0" cb="0"/><line nr="4744" mi="0" ci="6" mb="0" cb="0"/><line nr="4747" mi="5" ci="18" mb="3" cb="3"/><line nr="4750" mi="0" ci="1" mb="0" cb="0"/><line nr="4754" mi="0" ci="5" mb="0" cb="0"/><line nr="4757" mi="0" ci="6" mb="0" cb="0"/><line nr="4759" mi="0" ci="2" mb="0" cb="0"/><line nr="4760" mi="0" ci="2" mb="0" cb="0"/><line nr="4761" mi="0" ci="5" mb="0" cb="0"/><line nr="4762" mi="0" ci="6" mb="0" cb="0"/><line nr="4763" mi="0" ci="8" mb="0" cb="0"/><line nr="4764" mi="0" ci="6" mb="0" cb="0"/><line nr="4767" mi="0" ci="7" mb="0" cb="0"/><line nr="4770" mi="0" ci="7" mb="0" cb="0"/><line nr="4771" mi="0" ci="6" mb="0" cb="0"/><line nr="4772" mi="0" ci="3" mb="0" cb="0"/><line nr="4773" mi="0" ci="3" mb="0" cb="0"/><line nr="4775" mi="0" ci="7" mb="0" cb="0"/><line nr="4777" mi="0" ci="6" mb="0" cb="0"/><line nr="4781" mi="0" ci="2" mb="0" cb="0"/><line nr="4782" mi="0" ci="5" mb="1" cb="1"/><line nr="4785" mi="2" ci="0" mb="0" cb="0"/><line nr="4790" mi="0" ci="2" mb="1" cb="1"/><line nr="4794" mi="6" ci="0" mb="0" cb="0"/><line nr="4795" mi="3" ci="0" mb="0" cb="0"/><line nr="4796" mi="3" ci="0" mb="0" cb="0"/><line nr="4798" mi="7" ci="0" mb="0" cb="0"/><line nr="4800" mi="6" ci="0" mb="0" cb="0"/><line nr="4809" mi="0" ci="7" mb="0" cb="0"/><line nr="4810" mi="0" ci="5" mb="0" cb="0"/><line nr="4811" mi="0" ci="2" mb="0" cb="0"/><line nr="4815" mi="0" ci="6" mb="0" cb="0"/><line nr="4816" mi="0" ci="3" mb="0" cb="0"/><line nr="4817" mi="0" ci="3" mb="0" cb="0"/><line nr="4819" mi="0" ci="7" mb="0" cb="0"/><line nr="4821" mi="0" ci="6" mb="0" cb="0"/><line nr="4824" mi="5" ci="18" mb="3" cb="3"/><line nr="4830" mi="0" ci="7" mb="0" cb="0"/><line nr="4833" mi="1" ci="0" mb="0" cb="0"/><line nr="4834" mi="3" ci="0" mb="0" cb="0"/><line nr="4835" mi="5" ci="0" mb="0" cb="0"/><line nr="4838" mi="3" ci="0" mb="0" cb="0"/><line nr="4840" mi="1" ci="1" mb="0" cb="0"/><line nr="4841" mi="0" ci="2" mb="0" cb="0"/><line nr="4846" mi="3" ci="0" mb="0" cb="0"/><line nr="4849" mi="3" ci="0" mb="0" cb="0"/><line nr="4856" mi="4" ci="0" mb="0" cb="0"/><line nr="4857" mi="6" ci="0" mb="0" cb="0"/><line nr="4860" mi="2" ci="0" mb="0" cb="0"/><line nr="4862" mi="2" ci="0" mb="0" cb="0"/><line nr="4863" mi="2" ci="0" mb="0" cb="0"/><line nr="4865" mi="2" ci="0" mb="0" cb="0"/><line nr="4866" mi="2" ci="0" mb="0" cb="0"/><line nr="4868" mi="2" ci="0" mb="0" cb="0"/><line nr="4869" mi="2" ci="0" mb="0" cb="0"/><line nr="4875" mi="5" ci="0" mb="0" cb="0"/><line nr="4878" mi="6" ci="0" mb="0" cb="0"/><line nr="4880" mi="2" ci="0" mb="0" cb="0"/><line nr="4881" mi="2" ci="0" mb="0" cb="0"/><line nr="4882" mi="5" ci="0" mb="0" cb="0"/><line nr="4883" mi="6" ci="0" mb="0" cb="0"/><line nr="4884" mi="8" ci="0" mb="0" cb="0"/><line nr="4885" mi="6" ci="0" mb="0" cb="0"/><line nr="4888" mi="7" ci="0" mb="0" cb="0"/><line nr="4891" mi="7" ci="0" mb="0" cb="0"/><line nr="4892" mi="6" ci="0" mb="0" cb="0"/><line nr="4893" mi="8" ci="0" mb="0" cb="0"/><line nr="4894" mi="6" ci="0" mb="0" cb="0"/><line nr="4897" mi="5" ci="0" mb="0" cb="0"/><line nr="4900" mi="7" ci="0" mb="0" cb="0"/><line nr="4901" mi="5" ci="0" mb="0" cb="0"/><line nr="4902" mi="2" ci="0" mb="0" cb="0"/><line nr="4906" mi="8" ci="0" mb="2" cb="0"/><line nr="4910" mi="7" ci="0" mb="0" cb="0"/><line nr="4913" mi="1" ci="0" mb="0" cb="0"/><line nr="4914" mi="3" ci="0" mb="0" cb="0"/><line nr="4915" mi="5" ci="0" mb="0" cb="0"/><line nr="4918" mi="3" ci="0" mb="0" cb="0"/><line nr="4920" mi="2" ci="0" mb="0" cb="0"/><line nr="4921" mi="2" ci="0" mb="0" cb="0"/><line nr="4926" mi="0" ci="3" mb="0" cb="0"/><line nr="4929" mi="0" ci="3" mb="0" cb="0"/><line nr="4936" mi="0" ci="4" mb="0" cb="0"/><line nr="4937" mi="0" ci="6" mb="0" cb="0"/><line nr="4940" mi="0" ci="2" mb="0" cb="0"/><line nr="4942" mi="0" ci="2" mb="0" cb="0"/><line nr="4943" mi="0" ci="2" mb="0" cb="0"/><line nr="4945" mi="0" ci="2" mb="0" cb="0"/><line nr="4946" mi="0" ci="2" mb="0" cb="0"/><line nr="4948" mi="0" ci="2" mb="0" cb="0"/><line nr="4949" mi="0" ci="2" mb="0" cb="0"/><line nr="4953" mi="0" ci="2" mb="0" cb="0"/><line nr="4954" mi="0" ci="5" mb="1" cb="2"/><line nr="4957" mi="0" ci="2" mb="0" cb="0"/><line nr="4959" mi="0" ci="1" mb="0" cb="0"/><line nr="4962" mi="0" ci="2" mb="0" cb="0"/><line nr="4964" mi="0" ci="1" mb="0" cb="0"/><line nr="4966" mi="9" ci="0" mb="0" cb="0"/><line nr="4969" mi="2" ci="0" mb="0" cb="0"/><line nr="4973" mi="0" ci="2" mb="1" cb="2"/><line nr="4977" mi="0" ci="5" mb="0" cb="0"/><line nr="4980" mi="0" ci="6" mb="0" cb="0"/><line nr="4981" mi="0" ci="8" mb="0" cb="0"/><line nr="4982" mi="0" ci="6" mb="0" cb="0"/><line nr="4985" mi="0" ci="5" mb="0" cb="0"/><line nr="4988" mi="1" ci="8" mb="1" cb="1"/><line nr="4991" mi="0" ci="1" mb="0" cb="0"/><line nr="4995" mi="0" ci="5" mb="0" cb="0"/><line nr="4998" mi="0" ci="6" mb="0" cb="0"/><line nr="4999" mi="0" ci="8" mb="0" cb="0"/><line nr="5000" mi="0" ci="6" mb="0" cb="0"/><line nr="5003" mi="0" ci="5" mb="0" cb="0"/><line nr="5006" mi="1" ci="9" mb="1" cb="1"/><line nr="5012" mi="0" ci="7" mb="0" cb="0"/><line nr="5015" mi="1" ci="0" mb="0" cb="0"/><line nr="5016" mi="3" ci="0" mb="0" cb="0"/><line nr="5017" mi="5" ci="0" mb="0" cb="0"/><line nr="5020" mi="3" ci="0" mb="0" cb="0"/><line nr="5022" mi="1" ci="1" mb="0" cb="0"/><line nr="5023" mi="0" ci="2" mb="0" cb="0"/><line nr="5032" mi="0" ci="10" mb="0" cb="0"/><line nr="5033" mi="0" ci="10" mb="0" cb="0"/><line nr="5034" mi="0" ci="10" mb="0" cb="0"/><line nr="5035" mi="0" ci="10" mb="0" cb="0"/><line nr="5036" mi="0" ci="10" mb="0" cb="0"/><line nr="5037" mi="0" ci="10" mb="0" cb="0"/><line nr="5038" mi="0" ci="10" mb="0" cb="0"/><line nr="5039" mi="0" ci="10" mb="0" cb="0"/><line nr="5040" mi="0" ci="10" mb="0" cb="0"/><line nr="5041" mi="0" ci="10" mb="0" cb="0"/><line nr="5042" mi="0" ci="10" mb="0" cb="0"/><line nr="5043" mi="0" ci="10" mb="0" cb="0"/><line nr="5044" mi="0" ci="10" mb="0" cb="0"/><line nr="5045" mi="0" ci="10" mb="0" cb="0"/><line nr="5046" mi="0" ci="10" mb="0" cb="0"/><line nr="5047" mi="0" ci="10" mb="0" cb="0"/><line nr="5048" mi="0" ci="10" mb="0" cb="0"/><line nr="5049" mi="0" ci="10" mb="0" cb="0"/><line nr="5050" mi="0" ci="10" mb="0" cb="0"/><line nr="5051" mi="0" ci="10" mb="0" cb="0"/><line nr="5052" mi="0" ci="10" mb="0" cb="0"/><line nr="5053" mi="0" ci="10" mb="0" cb="0"/><line nr="5054" mi="0" ci="10" mb="0" cb="0"/><line nr="5055" mi="0" ci="10" mb="0" cb="0"/><line nr="5056" mi="0" ci="10" mb="0" cb="0"/><line nr="5057" mi="0" ci="10" mb="0" cb="0"/><line nr="5058" mi="0" ci="10" mb="0" cb="0"/><line nr="5059" mi="0" ci="10" mb="0" cb="0"/><line nr="5060" mi="0" ci="10" mb="0" cb="0"/><line nr="5061" mi="0" ci="10" mb="0" cb="0"/><line nr="5062" mi="0" ci="10" mb="0" cb="0"/><line nr="5063" mi="0" ci="10" mb="0" cb="0"/><line nr="5064" mi="0" ci="10" mb="0" cb="0"/><line nr="5065" mi="0" ci="10" mb="0" cb="0"/><line nr="5066" mi="0" ci="10" mb="0" cb="0"/><line nr="5067" mi="0" ci="10" mb="0" cb="0"/><line nr="5068" mi="0" ci="10" mb="0" cb="0"/><line nr="5069" mi="0" ci="10" mb="0" cb="0"/><line nr="5070" mi="0" ci="10" mb="0" cb="0"/><line nr="5071" mi="0" ci="10" mb="0" cb="0"/><line nr="5072" mi="0" ci="10" mb="0" cb="0"/><line nr="5073" mi="0" ci="10" mb="0" cb="0"/><line nr="5074" mi="0" ci="10" mb="0" cb="0"/><line nr="5075" mi="0" ci="10" mb="0" cb="0"/><line nr="5076" mi="0" ci="10" mb="0" cb="0"/><line nr="5077" mi="0" ci="10" mb="0" cb="0"/><line nr="5078" mi="0" ci="10" mb="0" cb="0"/><line nr="5079" mi="0" ci="10" mb="0" cb="0"/><line nr="5080" mi="0" ci="10" mb="0" cb="0"/><line nr="5081" mi="0" ci="10" mb="0" cb="0"/><line nr="5082" mi="0" ci="10" mb="0" cb="0"/><line nr="5083" mi="0" ci="10" mb="0" cb="0"/><line nr="5084" mi="0" ci="10" mb="0" cb="0"/><line nr="5085" mi="0" ci="10" mb="0" cb="0"/><line nr="5086" mi="0" ci="10" mb="0" cb="0"/><line nr="5087" mi="0" ci="10" mb="0" cb="0"/><line nr="5088" mi="0" ci="10" mb="0" cb="0"/><line nr="5089" mi="0" ci="10" mb="0" cb="0"/><line nr="5090" mi="0" ci="10" mb="0" cb="0"/><line nr="5091" mi="0" ci="10" mb="0" cb="0"/><line nr="5092" mi="0" ci="10" mb="0" cb="0"/><line nr="5093" mi="0" ci="10" mb="0" cb="0"/><line nr="5094" mi="0" ci="10" mb="0" cb="0"/><line nr="5095" mi="0" ci="10" mb="0" cb="0"/><line nr="5096" mi="0" ci="10" mb="0" cb="0"/><line nr="5097" mi="0" ci="10" mb="0" cb="0"/><line nr="5098" mi="0" ci="10" mb="0" cb="0"/><line nr="5099" mi="0" ci="10" mb="0" cb="0"/><line nr="5100" mi="0" ci="10" mb="0" cb="0"/><line nr="5101" mi="0" ci="10" mb="0" cb="0"/><line nr="5102" mi="0" ci="10" mb="0" cb="0"/><line nr="5103" mi="0" ci="10" mb="0" cb="0"/><line nr="5104" mi="0" ci="10" mb="0" cb="0"/><line nr="5105" mi="0" ci="10" mb="0" cb="0"/><line nr="5106" mi="0" ci="10" mb="0" cb="0"/><line nr="5107" mi="0" ci="10" mb="0" cb="0"/><line nr="5108" mi="0" ci="10" mb="0" cb="0"/><line nr="5109" mi="0" ci="10" mb="0" cb="0"/><line nr="5110" mi="0" ci="10" mb="0" cb="0"/><line nr="5111" mi="0" ci="10" mb="0" cb="0"/><line nr="5112" mi="0" ci="10" mb="0" cb="0"/><line nr="5113" mi="0" ci="10" mb="0" cb="0"/><line nr="5114" mi="0" ci="10" mb="0" cb="0"/><line nr="5115" mi="0" ci="10" mb="0" cb="0"/><line nr="5116" mi="0" ci="10" mb="0" cb="0"/><line nr="5117" mi="0" ci="10" mb="0" cb="0"/><line nr="5118" mi="0" ci="10" mb="0" cb="0"/><line nr="5119" mi="0" ci="10" mb="0" cb="0"/><line nr="5120" mi="0" ci="10" mb="0" cb="0"/><line nr="5121" mi="0" ci="10" mb="0" cb="0"/><line nr="5122" mi="0" ci="10" mb="0" cb="0"/><line nr="5123" mi="0" ci="10" mb="0" cb="0"/><line nr="5124" mi="0" ci="10" mb="0" cb="0"/><line nr="5125" mi="0" ci="10" mb="0" cb="0"/><line nr="5126" mi="0" ci="10" mb="0" cb="0"/><line nr="5127" mi="0" ci="10" mb="0" cb="0"/><line nr="5128" mi="0" ci="10" mb="0" cb="0"/><line nr="5129" mi="0" ci="10" mb="0" cb="0"/><line nr="5130" mi="0" ci="10" mb="0" cb="0"/><line nr="5131" mi="0" ci="10" mb="0" cb="0"/><line nr="5132" mi="0" ci="10" mb="0" cb="0"/><line nr="5133" mi="0" ci="10" mb="0" cb="0"/><line nr="5134" mi="0" ci="10" mb="0" cb="0"/><line nr="5135" mi="0" ci="10" mb="0" cb="0"/><line nr="5136" mi="0" ci="10" mb="0" cb="0"/><line nr="5137" mi="0" ci="10" mb="0" cb="0"/><line nr="5138" mi="0" ci="10" mb="0" cb="0"/><line nr="5139" mi="0" ci="10" mb="0" cb="0"/><line nr="5140" mi="0" ci="10" mb="0" cb="0"/><line nr="5141" mi="0" ci="10" mb="0" cb="0"/><line nr="5142" mi="0" ci="10" mb="0" cb="0"/><line nr="5143" mi="0" ci="10" mb="0" cb="0"/><line nr="5144" mi="0" ci="10" mb="0" cb="0"/><line nr="5145" mi="0" ci="10" mb="0" cb="0"/><line nr="5146" mi="0" ci="10" mb="0" cb="0"/><line nr="5147" mi="0" ci="10" mb="0" cb="0"/><line nr="5148" mi="0" ci="10" mb="0" cb="0"/><line nr="5149" mi="0" ci="10" mb="0" cb="0"/><line nr="5150" mi="0" ci="10" mb="0" cb="0"/><line nr="5151" mi="0" ci="10" mb="0" cb="0"/><line nr="5152" mi="0" ci="10" mb="0" cb="0"/><line nr="5153" mi="0" ci="10" mb="0" cb="0"/><line nr="5154" mi="0" ci="10" mb="0" cb="0"/><line nr="5155" mi="0" ci="10" mb="0" cb="0"/><line nr="5156" mi="0" ci="10" mb="0" cb="0"/><line nr="5157" mi="0" ci="10" mb="0" cb="0"/><line nr="5158" mi="0" ci="10" mb="0" cb="0"/><line nr="5159" mi="0" ci="10" mb="0" cb="0"/><line nr="5160" mi="0" ci="10" mb="0" cb="0"/><line nr="5161" mi="0" ci="10" mb="0" cb="0"/><line nr="5162" mi="0" ci="10" mb="0" cb="0"/><line nr="5163" mi="0" ci="10" mb="0" cb="0"/><line nr="5164" mi="0" ci="10" mb="0" cb="0"/><line nr="5165" mi="0" ci="10" mb="0" cb="0"/><line nr="5166" mi="0" ci="11" mb="0" cb="0"/><counter type="INSTRUCTION" missed="1260" covered="9052"/><counter type="BRANCH" missed="147" covered="253"/><counter type="LINE" missed="299" covered="1882"/><counter type="COMPLEXITY" missed="155" covered="201"/><counter type="METHOD" missed="12" covered="110"/><counter type="CLASS" missed="2" covered="37"/></sourcefile><counter type="INSTRUCTION" missed="3798" covered="21061"/><counter type="BRANCH" missed="340" covered="733"/><counter type="LINE" missed="854" covered="4422"/><counter type="COMPLEXITY" missed="353" covered="581"/><counter type="METHOD" missed="35" covered="272"/><counter type="CLASS" missed="4" covered="76"/></package><package name="com/facebook/swift/parser"><class name="com/facebook/swift/parser/ThriftIdlParser"><method name="&lt;init&gt;" desc="()V" line="33"><counter type="INSTRUCTION" missed="3" covered="0"/><counter type="LINE" missed="1" covered="0"/><counter type="COMPLEXITY" missed="1" covered="0"/><counter type="METHOD" missed="1" covered="0"/></method><method name="parseThriftIdl" desc="(Lcom/google/common/io/InputSupplier;)Lcom/facebook/swift/parser/model/Document;" line="38"><counter type="INSTRUCTION" missed="6" covered="17"/><counter type="LINE" missed="2" covered="4"/><counter type="COMPLEXITY" missed="0" covered="1"/><counter type="METHOD" missed="0" covered="1"/></method><method name="parseTree" desc="(Lcom/google/common/io/InputSupplier;)Lorg/antlr/runtime/tree/Tree;" line="52"><counter type="INSTRUCTION" missed="41" covered="40"/><counter type="BRANCH" missed="7" covered="3"/><counter type="LINE" missed="3" covered="7"/><counter type="COMPLEXITY" missed="5" covered="1"/><counter type="METHOD" missed="0" covered="1"/></method><counter type="INSTRUCTION" missed="50" covered="57"/><counter type="BRANCH" missed="7" covered="3"/><counter type="LINE" missed="6" covered="11"/><counter type="COMPLEXITY" missed="6" covered="2"/><counter type="METHOD" missed="1" covered="2"/><counter type="CLASS" missed="0" covered="1"/></class><sourcefile name="ThriftIdlParser.java"><line nr="33" mi="3" ci="0" mb="0" cb="0"/><line nr="38" mi="0" ci="3" mb="0" cb="0"/><line nr="39" mi="0" ci="5" mb="0" cb="0"/><line nr="40" mi="0" ci="5" mb="0" cb="0"/><line nr="42" mi="0" ci="4" mb="0" cb="0"/><line nr="44" mi="1" ci="0" mb="0" cb="0"/><line nr="45" mi="5" ci="0" mb="0" cb="0"/><line nr="52" mi="5" ci="6" mb="0" cb="0"/><line nr="53" mi="0" ci="8" mb="0" cb="0"/><line nr="54" mi="0" ci="8" mb="0" cb="0"/><line nr="56" mi="0" ci="5" mb="0" cb="0"/><line nr="57" mi="0" ci="3" mb="1" cb="1"/><line nr="58" mi="5" ci="0" mb="0" cb="0"/><line nr="60" mi="0" ci="2" mb="0" cb="0"/><line nr="62" mi="1" ci="0" mb="0" cb="0"/><line nr="63" mi="5" ci="0" mb="0" cb="0"/><line nr="65" mi="25" ci="8" mb="6" cb="2"/><counter type="INSTRUCTION" missed="50" covered="57"/><counter type="BRANCH" missed="7" covered="3"/><counter type="LINE" missed="6" covered="11"/><counter type="COMPLEXITY" missed="6" covered="2"/><counter type="METHOD" missed="1" covered="2"/><counter type="CLASS" missed="0" covered="1"/></sourcefile><counter type="INSTRUCTION" missed="50" covered="57"/><counter type="BRANCH" missed="7" covered="3"/><counter type="LINE" missed="6" covered="11"/><counter type="COMPLEXITY" missed="6" covered="2"/><counter type="METHOD" missed="1" covered="2"/><counter type="CLASS" missed="0" covered="1"/></package><package name="com/facebook/swift/parser/visitor"><class name="com/facebook/swift/parser/visitor/Visitable$Utils"><method name="&lt;init&gt;" desc="()V" line="28"><counter type="INSTRUCTION" missed="3" covered="0"/><counter type="LINE" missed="2" covered="0"/><counter type="COMPLEXITY" missed="1" covered="0"/><counter type="METHOD" missed="1" covered="0"/></method><method name="visitAll" desc="(Lcom/facebook/swift/parser/visitor/DocumentVisitor;Ljava/util/Collection;)V" line="33"><counter type="INSTRUCTION" missed="24" covered="0"/><counter type="BRANCH" missed="8" covered="0"/><counter type="LINE" missed="6" covered="0"/><counter type="COMPLEXITY" missed="5" covered="0"/><counter type="METHOD" missed="1" covered="0"/></method><method name="visit" desc="(Lcom/facebook/swift/parser/visitor/DocumentVisitor;Lcom/facebook/swift/parser/visitor/Visitable;)V" line="44"><counter type="INSTRUCTION" missed="4" covered="0"/><counter type="LINE" missed="2" covered="0"/><counter type="COMPLEXITY" missed="1" covered="0"/><counter type="METHOD" missed="1" covered="0"/></method><counter type="INSTRUCTION" missed="31" covered="0"/><counter type="BRANCH" missed="8" covered="0"/><counter type="LINE" missed="10" covered="0"/><counter type="COMPLEXITY" missed="7" covered="0"/><counter type="METHOD" missed="3" covered="0"/><counter type="CLASS" missed="1" covered="0"/></class><sourcefile name="Visitable.java"><line nr="28" mi="2" ci="0" mb="0" cb="0"/><line nr="29" mi="1" ci="0" mb="0" cb="0"/><line nr="33" mi="5" ci="0" mb="4" cb="0"/><line nr="34" mi="10" ci="0" mb="2" cb="0"/><line nr="35" mi="4" ci="0" mb="2" cb="0"/><line nr="36" mi="3" ci="0" mb="0" cb="0"/><line nr="38" mi="1" ci="0" mb="0" cb="0"/><line nr="40" mi="1" ci="0" mb="0" cb="0"/><line nr="44" mi="3" ci="0" mb="0" cb="0"/><line nr="45" mi="1" ci="0" mb="0" cb="0"/><counter type="INSTRUCTION" missed="31" covered="0"/><counter type="BRANCH" missed="8" covered="0"/><counter type="LINE" missed="10" covered="0"/><counter type="COMPLEXITY" missed="7" covered="0"/><counter type="METHOD" missed="3" covered="0"/><counter type="CLASS" missed="1" covered="0"/></sourcefile><counter type="INSTRUCTION" missed="31" covered="0"/><counter type="BRANCH" missed="8" covered="0"/><counter type="LINE" missed="10" covered="0"/><counter type="COMPLEXITY" missed="7" covered="0"/><counter type="METHOD" missed="3" covered="0"/><counter type="CLASS" missed="1" covered="0"/></package><counter type="INSTRUCTION" missed="4206" covered="21906"/><counter type="BRANCH" missed="359" covered="736"/><counter type="LINE" missed="951" covered="4568"/><counter type="COMPLEXITY" missed="439" covered="635"/><counter type="METHOD" missed="110" covered="326"/><counter type="CLASS" missed="5" covered="110"/></report>